15:44:23.531 [main] INFO  ch.uzh.ifi.seal.smr.soa.evaluation.comments.MainKt - [eclipse/eclipse-collections] evaluation started
15:44:43.135 [main] INFO  ch.uzh.ifi.seal.smr.soa.evaluation.comments.MainKt - [smarr/GraalCompiler] evaluation started
15:44:50.634 [main] INFO  ch.uzh.ifi.seal.smr.soa.evaluation.comments.MainKt - [zapster/graal-core] evaluation started
15:44:58.757 [main] INFO  ch.uzh.ifi.seal.smr.soa.evaluation.comments.MainKt - [y-lan/presto] evaluation started
15:45:05.515 [main] INFO  ch.uzh.ifi.seal.smr.soa.evaluation.comments.MainKt - [apache/logging-log4j2] evaluation started
15:45:09.681 [main] INFO  ch.uzh.ifi.seal.smr.soa.evaluation.comments.MainKt - [SquidPony/SquidLib] evaluation started
15:45:13.060 [main] INFO  ch.uzh.ifi.seal.smr.soa.evaluation.comments.MainKt - [RoaringBitmap/RoaringBitmap] evaluation started
15:45:14.285 [main] INFO  ch.uzh.ifi.seal.smr.soa.evaluation.comments.MainKt - [prestodb/presto] evaluation started
15:45:29.614 [main] INFO  ch.uzh.ifi.seal.smr.soa.evaluation.comments.MainKt - [prestosql/presto] evaluation started
15:45:44.709 [main] INFO  ch.uzh.ifi.seal.smr.soa.evaluation.comments.MainKt - [ReactiveX/RxJava] evaluation started
15:45:52.551 [main] INFO  ch.uzh.ifi.seal.smr.soa.evaluation.comments.MainKt - [netty/netty] evaluation started
15:45:59.221 [main] INFO  ch.uzh.ifi.seal.smr.soa.evaluation.comments.MainKt - [apache/incubator-druid] evaluation started
15:46:11.154 [main] INFO  ch.uzh.ifi.seal.smr.soa.evaluation.comments.MainKt - [moves-rwth/attestor-examples] evaluation started
15:46:11.287 [main] INFO  ch.uzh.ifi.seal.smr.soa.evaluation.comments.MainKt - [afredlyj/learn-netty] evaluation started
15:46:14.034 [main] INFO  ch.uzh.ifi.seal.smr.soa.evaluation.comments.MainKt - [kiegroup/kie-benchmarks] evaluation started
15:46:14.615 [main] INFO  ch.uzh.ifi.seal.smr.soa.evaluation.comments.MainKt - [oracle/graal] evaluation started
15:46:38.604 [main] INFO  ch.uzh.ifi.seal.smr.soa.evaluation.comments.MainKt - [tools4j/decimal4j] evaluation started
15:46:39.312 [main] INFO  ch.uzh.ifi.seal.smr.soa.evaluation.comments.MainKt - [mono-plane/presto] evaluation started
15:46:43.261 [main] INFO  ch.uzh.ifi.seal.smr.soa.evaluation.comments.MainKt - [azadmanesh/sl-tracer] evaluation started
15:46:44.889 [main] INFO  ch.uzh.ifi.seal.smr.soa.evaluation.comments.MainKt - [mono-plane/airlift] evaluation started
15:46:45.678 [main] INFO  ch.uzh.ifi.seal.smr.soa.evaluation.comments.MainKt - [kennyledet/Algorithm-Implementations] evaluation started
15:46:45.944 [main] INFO  ch.uzh.ifi.seal.smr.soa.evaluation.comments.MainKt - [sparkoo/Java-Grande-JMH] evaluation started
15:46:45.996 [main] INFO  ch.uzh.ifi.seal.smr.soa.evaluation.comments.MainKt - [JCTools/JCTools] evaluation started
15:46:46.689 [main] INFO  ch.uzh.ifi.seal.smr.soa.evaluation.comments.MainKt - [traneio/future] evaluation started
15:46:46.867 [main] INFO  ch.uzh.ifi.seal.smr.soa.evaluation.comments.MainKt - [census-instrumentation/opencensus-java] evaluation started
15:46:48.153 [main] INFO  ch.uzh.ifi.seal.smr.soa.evaluation.comments.MainKt - [neo4j-contrib/neo4j-graph-algorithms] evaluation started
15:46:49.318 [main] INFO  ch.uzh.ifi.seal.smr.soa.evaluation.comments.MainKt - [marsorp/blog] evaluation started
15:46:57.390 [main] INFO  ch.uzh.ifi.seal.smr.soa.evaluation.comments.MainKt - [openzipkin/zipkin] evaluation started
15:46:58.546 [main] INFO  ch.uzh.ifi.seal.smr.soa.evaluation.comments.MainKt - [salyh/jsr353-benchmark] evaluation started
15:46:58.635 [main] INFO  ch.uzh.ifi.seal.smr.soa.evaluation.comments.MainKt - [JetBrains/xodus] evaluation started
15:47:00.423 [main] INFO  ch.uzh.ifi.seal.smr.soa.evaluation.comments.MainKt - [jpaw/bonaparte-java] evaluation started
15:47:01.241 [main] INFO  ch.uzh.ifi.seal.smr.soa.evaluation.comments.MainKt - [Netflix/spectator] evaluation started
15:47:02.200 [main] INFO  ch.uzh.ifi.seal.smr.soa.evaluation.comments.MainKt - [centic9/poi-benchmark] evaluation started
15:47:02.313 [main] INFO  ch.uzh.ifi.seal.smr.soa.evaluation.comments.MainKt - [hazelcast/hazelcast] evaluation started
15:47:22.301 [main] INFO  ch.uzh.ifi.seal.smr.soa.evaluation.comments.MainKt - [lettuce-io/lettuce-core] evaluation started
15:47:24.754 [main] INFO  ch.uzh.ifi.seal.smr.soa.evaluation.comments.MainKt - [palantir/atlasdb] evaluation started
15:47:30.138 [main] INFO  ch.uzh.ifi.seal.smr.soa.evaluation.comments.MainKt - [apache/cassandra] evaluation started
15:47:40.108 [main] INFO  ch.uzh.ifi.seal.smr.soa.evaluation.comments.MainKt - [TridentSDK/TridentSDK] evaluation started
15:47:40.400 [main] INFO  ch.uzh.ifi.seal.smr.soa.evaluation.comments.MainKt - [SlimRoms/android_external_okhttp] evaluation started
15:47:41.365 [main] INFO  ch.uzh.ifi.seal.smr.soa.evaluation.comments.MainKt - [vladimir-bukhtoyarov/rolling-metrics] evaluation started
15:47:41.515 [main] INFO  ch.uzh.ifi.seal.smr.soa.evaluation.comments.MainKt - [reactor/reactive-streams-commons] evaluation started
15:47:43.809 [main] INFO  ch.uzh.ifi.seal.smr.soa.evaluation.comments.MainKt - [hsqlu/coding-lab] evaluation started
15:47:44.178 [main] INFO  ch.uzh.ifi.seal.smr.soa.evaluation.comments.MainKt - [rybalkinsd/atom] evaluation started
15:47:44.353 [main] INFO  ch.uzh.ifi.seal.smr.soa.evaluation.comments.MainKt - [structlogging/structlogger] evaluation started
15:47:44.456 [main] INFO  ch.uzh.ifi.seal.smr.soa.evaluation.comments.MainKt - [aol/cyclops-react] evaluation started
15:47:57.383 [main] INFO  ch.uzh.ifi.seal.smr.soa.evaluation.comments.MainKt - [rslemos/cobolg] evaluation started
15:48:00.799 [main] INFO  ch.uzh.ifi.seal.smr.soa.evaluation.comments.MainKt - [apache/parquet-mr] evaluation started
15:48:02.656 [main] INFO  ch.uzh.ifi.seal.smr.soa.evaluation.comments.MainKt - [jenetics/jenetics] evaluation started
15:48:03.948 [main] INFO  ch.uzh.ifi.seal.smr.soa.evaluation.comments.MainKt - [gameduell/eclipselink.runtime] evaluation started
15:48:40.329 [main] INFO  ch.uzh.ifi.seal.smr.soa.evaluation.comments.MainKt - [apache/tinkerpop] evaluation started
15:48:44.566 [main] INFO  ch.uzh.ifi.seal.smr.soa.evaluation.comments.MainKt - [tzaeschke/distributed-phtree] evaluation started
15:48:45.849 [main] INFO  ch.uzh.ifi.seal.smr.soa.evaluation.comments.MainKt - [comodal/hash-overlay] evaluation started
15:48:46.146 [main] INFO  ch.uzh.ifi.seal.smr.soa.evaluation.comments.MainKt - [neowu/core-ng-demo-project] evaluation started
15:48:46.260 [main] INFO  ch.uzh.ifi.seal.smr.soa.evaluation.comments.MainKt - [Alex-Diez/Java-TDD-Katas] evaluation started
15:48:47.037 [main] INFO  ch.uzh.ifi.seal.smr.soa.evaluation.comments.MainKt - [airlift/slice] evaluation started
15:48:47.216 [main] INFO  ch.uzh.ifi.seal.smr.soa.evaluation.comments.MainKt - [shunfei/indexr] evaluation started
15:48:48.254 [main] INFO  ch.uzh.ifi.seal.smr.soa.evaluation.comments.MainKt - [terma/fast-select] evaluation started
15:48:48.548 [main] INFO  ch.uzh.ifi.seal.smr.soa.evaluation.comments.MainKt - [alesharik/AlesharikWebServer] evaluation started
15:48:50.200 [main] INFO  ch.uzh.ifi.seal.smr.soa.evaluation.comments.MainKt - [arnaudroger/SimpleFlatMapper] evaluation started
15:48:52.755 [main] INFO  ch.uzh.ifi.seal.smr.soa.evaluation.comments.MainKt - [mini2Dx/mini2Dx] evaluation started
15:48:54.111 [main] INFO  ch.uzh.ifi.seal.smr.soa.evaluation.comments.MainKt - [isalnikov/ACMP] evaluation started
15:48:54.555 [main] INFO  ch.uzh.ifi.seal.smr.soa.evaluation.comments.MainKt - [jajir/jblinktree] evaluation started
15:48:54.744 [main] INFO  ch.uzh.ifi.seal.smr.soa.evaluation.comments.MainKt - [orfjackal/cqrs-hotel] evaluation started
15:48:54.924 [main] INFO  ch.uzh.ifi.seal.smr.soa.evaluation.comments.MainKt - [oblac/jodd] evaluation started
15:48:57.512 [main] INFO  ch.uzh.ifi.seal.smr.soa.evaluation.comments.MainKt - [msteindorfer/criterion] evaluation started
15:48:57.775 [main] INFO  ch.uzh.ifi.seal.smr.soa.evaluation.comments.MainKt - [real-logic/benchmarks] evaluation started
15:48:57.836 [main] INFO  ch.uzh.ifi.seal.smr.soa.evaluation.comments.MainKt - [dropbox/dropbox-sdk-java] evaluation started
15:48:58.186 [main] INFO  ch.uzh.ifi.seal.smr.soa.evaluation.comments.MainKt - [Konstantin8105/Triangulation] evaluation started
15:48:58.265 [main] INFO  ch.uzh.ifi.seal.smr.soa.evaluation.comments.MainKt - [davidmoten/rtree] evaluation started
15:48:58.509 [main] INFO  ch.uzh.ifi.seal.smr.soa.evaluation.comments.MainKt - [grpc/grpc-java] evaluation started
15:49:01.259 [main] INFO  ch.uzh.ifi.seal.smr.soa.evaluation.comments.MainKt - [akarnokd/akarnokd-misc] evaluation started
15:49:01.932 [main] INFO  ch.uzh.ifi.seal.smr.soa.evaluation.comments.MainKt - [jpaw/jpaw] evaluation started
15:49:02.209 [main] INFO  ch.uzh.ifi.seal.smr.soa.evaluation.comments.MainKt - [Netflix/Hystrix] evaluation started
15:49:03.359 [main] INFO  ch.uzh.ifi.seal.smr.soa.evaluation.comments.MainKt - [RTBHOUSE/avro-fastserde] evaluation started
15:49:03.486 [main] INFO  ch.uzh.ifi.seal.smr.soa.evaluation.comments.MainKt - [ReactiveX/RxJavaParallel] evaluation started
15:49:03.551 [main] INFO  ch.uzh.ifi.seal.smr.soa.evaluation.comments.MainKt - [jpaw/jpaw8] evaluation started
15:49:03.659 [main] INFO  ch.uzh.ifi.seal.smr.soa.evaluation.comments.MainKt - [raphw/byte-buddy] evaluation started
15:49:08.867 [main] INFO  ch.uzh.ifi.seal.smr.soa.evaluation.comments.MainKt - [AgentTroll/TrollCommons] evaluation started
15:49:09.049 [main] INFO  ch.uzh.ifi.seal.smr.soa.evaluation.comments.MainKt - [btraceio/btrace] evaluation started
15:49:09.876 [main] INFO  ch.uzh.ifi.seal.smr.soa.evaluation.comments.MainKt - [crate/crate] evaluation started
15:49:21.734 [main] INFO  ch.uzh.ifi.seal.smr.soa.evaluation.comments.MainKt - [tommyettinger/sarong] evaluation started
15:49:22.227 [main] INFO  ch.uzh.ifi.seal.smr.soa.evaluation.comments.MainKt - [arnohaase/a-foundation] evaluation started
15:49:22.661 [main] INFO  ch.uzh.ifi.seal.smr.soa.evaluation.comments.MainKt - [sergiomt/judal] evaluation started
15:49:25.506 [main] INFO  ch.uzh.ifi.seal.smr.soa.evaluation.comments.MainKt - [h2oai/h2o-3] evaluation started
15:49:30.805 [main] INFO  ch.uzh.ifi.seal.smr.soa.evaluation.comments.MainKt - [wondee/faststring] evaluation started
15:49:30.938 [main] INFO  ch.uzh.ifi.seal.smr.soa.evaluation.comments.MainKt - [asarkar/java] evaluation started
15:49:31.474 [main] INFO  ch.uzh.ifi.seal.smr.soa.evaluation.comments.MainKt - [arnaudroger/orm-benchmark] evaluation started
15:49:37.644 [main] INFO  ch.uzh.ifi.seal.smr.soa.evaluation.comments.MainKt - [cinnober/msgcodec] evaluation started
15:49:38.109 [main] INFO  ch.uzh.ifi.seal.smr.soa.evaluation.comments.MainKt - [OpenHFT/Chronicle-Wire] evaluation started
15:49:39.407 [main] INFO  ch.uzh.ifi.seal.smr.soa.evaluation.comments.MainKt - [apache/incubator-retired-pirk] evaluation started
15:49:39.706 [main] INFO  ch.uzh.ifi.seal.smr.soa.evaluation.comments.MainKt - [apache/incubator-pinot] evaluation started
15:49:46.694 [main] INFO  ch.uzh.ifi.seal.smr.soa.evaluation.comments.MainKt - [biboudis/streamalg] evaluation started
15:49:46.811 [main] INFO  ch.uzh.ifi.seal.smr.soa.evaluation.comments.MainKt - [andymalakov/f1x] evaluation started
15:49:47.393 [main] INFO  ch.uzh.ifi.seal.smr.soa.evaluation.comments.MainKt - [eXistence/TeeTime-Cpp] evaluation started
15:49:47.416 [main] INFO  ch.uzh.ifi.seal.smr.soa.evaluation.comments.MainKt - [outbrain/prometheus-client] evaluation started
15:49:47.633 [main] INFO  ch.uzh.ifi.seal.smr.soa.evaluation.comments.MainKt - [Javalbert/sql-builder-orm] evaluation started
15:49:48.006 [main] INFO  ch.uzh.ifi.seal.smr.soa.evaluation.comments.MainKt - [lmdbjava/benchmarks] evaluation started
15:49:48.081 [main] INFO  ch.uzh.ifi.seal.smr.soa.evaluation.comments.MainKt - [eclipse/vert.x] evaluation started
15:49:51.096 [main] INFO  ch.uzh.ifi.seal.smr.soa.evaluation.comments.MainKt - [prometheus/client_java] evaluation started
15:49:51.325 [main] INFO  ch.uzh.ifi.seal.smr.soa.evaluation.comments.MainKt - [rkraneis/rtree] evaluation started
15:49:51.443 [main] INFO  ch.uzh.ifi.seal.smr.soa.evaluation.comments.MainKt - [apache/ignite] evaluation started
15:50:32.354 [main] INFO  ch.uzh.ifi.seal.smr.soa.evaluation.comments.MainKt - [square/okio] evaluation started
15:50:32.547 [main] INFO  ch.uzh.ifi.seal.smr.soa.evaluation.comments.MainKt - [guyko/weighted-lottery] evaluation started
15:50:32.592 [main] INFO  ch.uzh.ifi.seal.smr.soa.evaluation.comments.MainKt - [jkirsch/spex] evaluation started
15:50:34.127 [main] INFO  ch.uzh.ifi.seal.smr.soa.evaluation.comments.MainKt - [ericmm/Woobaben] evaluation started
15:50:34.239 [main] INFO  ch.uzh.ifi.seal.smr.soa.evaluation.comments.MainKt - [atlassian/commonmark-java] evaluation started
15:50:34.439 [main] INFO  ch.uzh.ifi.seal.smr.soa.evaluation.comments.MainKt - [almondtools/stringbench] evaluation started
15:50:34.586 [main] INFO  ch.uzh.ifi.seal.smr.soa.evaluation.comments.MainKt - [line/armeria] evaluation started
15:50:37.961 [main] INFO  ch.uzh.ifi.seal.smr.soa.evaluation.comments.MainKt - [paritytrading/philadelphia] evaluation started
15:50:38.323 [main] INFO  ch.uzh.ifi.seal.smr.soa.evaluation.comments.MainKt - [uujava/cqengine-query-jmh] evaluation started
15:50:38.379 [main] INFO  ch.uzh.ifi.seal.smr.soa.evaluation.comments.MainKt - [cache2k/cache2k-benchmark] evaluation started
15:50:38.618 [main] INFO  ch.uzh.ifi.seal.smr.soa.evaluation.comments.MainKt - [inspectIT/inspectIT] evaluation started
15:50:43.050 [main] INFO  ch.uzh.ifi.seal.smr.soa.evaluation.comments.MainKt - [andreytim/jafar] evaluation started
15:50:43.336 [main] INFO  ch.uzh.ifi.seal.smr.soa.evaluation.comments.MainKt - [junkdog/entity-system-benchmarks] evaluation started
15:50:43.477 [main] INFO  ch.uzh.ifi.seal.smr.soa.evaluation.comments.MainKt - [insano10/puzzlers] evaluation started
15:50:43.634 [main] INFO  ch.uzh.ifi.seal.smr.soa.evaluation.comments.MainKt - [puniverse/quasar] evaluation started
15:50:44.738 [main] INFO  ch.uzh.ifi.seal.smr.soa.evaluation.comments.MainKt - [vsonnier/hppcrt] evaluation started
15:50:45.322 [main] INFO  ch.uzh.ifi.seal.smr.soa.evaluation.comments.MainKt - [entrepidea/projects] evaluation started
15:50:45.729 [main] INFO  ch.uzh.ifi.seal.smr.soa.evaluation.comments.MainKt - [davidmoten/rtree-3d] evaluation started
15:50:45.908 [main] INFO  ch.uzh.ifi.seal.smr.soa.evaluation.comments.MainKt - [optimatika/ojAlgo-linear-algebra-benchmark] evaluation started
15:50:45.979 [main] INFO  ch.uzh.ifi.seal.smr.soa.evaluation.comments.MainKt - [bearmug/x-traktor-core] evaluation started
15:50:46.030 [main] INFO  ch.uzh.ifi.seal.smr.soa.evaluation.comments.MainKt - [jgrapht/jgrapht] evaluation started
15:50:48.128 [main] INFO  ch.uzh.ifi.seal.smr.soa.evaluation.comments.MainKt - [cinquin/mutinack] evaluation started
15:50:50.082 [main] INFO  ch.uzh.ifi.seal.smr.soa.evaluation.comments.MainKt - [dimitrovchi/enum-like] evaluation started
15:50:50.154 [main] INFO  ch.uzh.ifi.seal.smr.soa.evaluation.comments.MainKt - [hibernate/hibernate-ogm] evaluation started
15:50:52.300 [main] INFO  ch.uzh.ifi.seal.smr.soa.evaluation.comments.MainKt - [JetBrains-Research/viktor] evaluation started
15:50:52.339 [main] INFO  ch.uzh.ifi.seal.smr.soa.evaluation.comments.MainKt - [virsox/cepsim] evaluation started
15:50:52.406 [main] INFO  ch.uzh.ifi.seal.smr.soa.evaluation.comments.MainKt - [Squarespace/template-compiler] evaluation started
15:50:52.788 [main] INFO  ch.uzh.ifi.seal.smr.soa.evaluation.comments.MainKt - [jregistr/Academia] evaluation started
15:50:53.567 [main] INFO  ch.uzh.ifi.seal.smr.soa.evaluation.comments.MainKt - [AdoptOpenJDK/vmbenchmarks] evaluation started
15:50:53.615 [main] INFO  ch.uzh.ifi.seal.smr.soa.evaluation.comments.MainKt - [arteam/100-Java-Concurrency-questions] evaluation started
15:50:53.667 [main] INFO  ch.uzh.ifi.seal.smr.soa.evaluation.comments.MainKt - [ttsiodras/HexSpeak] evaluation started
15:50:53.706 [main] INFO  ch.uzh.ifi.seal.smr.soa.evaluation.comments.MainKt - [lemire/microbenchmarks] evaluation started
15:50:53.788 [main] INFO  ch.uzh.ifi.seal.smr.soa.evaluation.comments.MainKt - [frankboller/watcher] evaluation started
15:50:53.874 [main] INFO  ch.uzh.ifi.seal.smr.soa.evaluation.comments.MainKt - [google/conscrypt] evaluation started
15:50:54.974 [main] INFO  ch.uzh.ifi.seal.smr.soa.evaluation.comments.MainKt - [areese/TestUTF8Decoding] evaluation started
15:50:55.067 [main] INFO  ch.uzh.ifi.seal.smr.soa.evaluation.comments.MainKt - [simonpatrick/stepbystep-java] evaluation started
15:50:56.219 [main] INFO  ch.uzh.ifi.seal.smr.soa.evaluation.comments.MainKt - [atlanmod/NeoEMF] evaluation started
15:50:57.286 [main] INFO  ch.uzh.ifi.seal.smr.soa.evaluation.comments.MainKt - [wesleyegberto/courses-projects] evaluation started
15:50:57.874 [main] INFO  ch.uzh.ifi.seal.smr.soa.evaluation.comments.MainKt - [intropro/prairie] evaluation started
15:50:58.114 [main] INFO  ch.uzh.ifi.seal.smr.soa.evaluation.comments.MainKt - [jsurfer/JsonSurfer] evaluation started
15:50:58.297 [main] INFO  ch.uzh.ifi.seal.smr.soa.evaluation.comments.MainKt - [fabienrenaud/java-json-benchmark] evaluation started
15:50:58.422 [main] INFO  ch.uzh.ifi.seal.smr.soa.evaluation.comments.MainKt - [kevoree-modeling/benchmark] evaluation started
15:50:58.515 [main] INFO  ch.uzh.ifi.seal.smr.soa.evaluation.comments.MainKt - [Vedenin/java_in_examples] evaluation started
15:50:58.739 [main] INFO  ch.uzh.ifi.seal.smr.soa.evaluation.comments.MainKt - [txazo/java] evaluation started
15:50:59.158 [main] INFO  ch.uzh.ifi.seal.smr.soa.evaluation.comments.MainKt - [marschall/mini-commons] evaluation started
15:50:59.217 [main] INFO  ch.uzh.ifi.seal.smr.soa.evaluation.comments.MainKt - [thheller/shadow-pgsql] evaluation started
15:50:59.333 [main] INFO  ch.uzh.ifi.seal.smr.soa.evaluation.comments.MainKt - [tudorv91/SparkJNI] evaluation started
15:50:59.475 [main] INFO  ch.uzh.ifi.seal.smr.soa.evaluation.comments.MainKt - [vibneiro/dispatching] evaluation started
15:50:59.555 [main] INFO  ch.uzh.ifi.seal.smr.soa.evaluation.comments.MainKt - [harishsharma/junk] evaluation started
15:50:59.836 [main] INFO  ch.uzh.ifi.seal.smr.soa.evaluation.comments.MainKt - [fabri1983/menuapp] evaluation started
15:51:00.191 [main] INFO  ch.uzh.ifi.seal.smr.soa.evaluation.comments.MainKt - [apache/hive] evaluation started
15:51:34.201 [main] INFO  ch.uzh.ifi.seal.smr.soa.evaluation.comments.MainKt - [austinv11/ETF-Java] evaluation started
15:51:34.284 [main] INFO  ch.uzh.ifi.seal.smr.soa.evaluation.comments.MainKt - [nstdio/libpgn] evaluation started
15:51:34.480 [main] INFO  ch.uzh.ifi.seal.smr.soa.evaluation.comments.MainKt - [optimizely/java-sdk] evaluation started
15:51:35.927 [main] INFO  ch.uzh.ifi.seal.smr.soa.evaluation.comments.MainKt - [thegenius/LogicWeaver] evaluation started
15:51:36.007 [main] INFO  ch.uzh.ifi.seal.smr.soa.evaluation.comments.MainKt - [kvr000/zbynek-java-exp] evaluation started
15:51:36.312 [main] INFO  ch.uzh.ifi.seal.smr.soa.evaluation.comments.MainKt - [imglib/imglib2] evaluation started
15:51:37.342 [main] INFO  ch.uzh.ifi.seal.smr.soa.evaluation.comments.MainKt - [biboudis/clashofthelambdas] evaluation started
15:51:37.373 [main] INFO  ch.uzh.ifi.seal.smr.soa.evaluation.comments.MainKt - [spring-cloud/spring-cloud-sleuth] evaluation started
15:51:38.011 [main] INFO  ch.uzh.ifi.seal.smr.soa.evaluation.comments.MainKt - [apptik/jus] evaluation started
15:51:38.719 [main] INFO  ch.uzh.ifi.seal.smr.soa.evaluation.comments.MainKt - [ivgiuliani/jelf] evaluation started
15:51:38.768 [main] INFO  ch.uzh.ifi.seal.smr.soa.evaluation.comments.MainKt - [iloveyou416068/CookNIOServer] evaluation started
15:51:40.962 [main] INFO  ch.uzh.ifi.seal.smr.soa.evaluation.comments.MainKt - [Abnaxos/guards] evaluation started
15:51:41.180 [main] INFO  ch.uzh.ifi.seal.smr.soa.evaluation.comments.MainKt - [almondtools/regexbench] evaluation started
15:51:41.245 [main] INFO  ch.uzh.ifi.seal.smr.soa.evaluation.comments.MainKt - [trautonen/logback-ext] evaluation started
15:51:41.328 [main] INFO  ch.uzh.ifi.seal.smr.soa.evaluation.comments.MainKt - [golo-lang/golo-jmh-benchmarks] evaluation started
15:51:41.405 [main] INFO  ch.uzh.ifi.seal.smr.soa.evaluation.comments.MainKt - [darach/message-codec-bench] evaluation started
15:51:41.448 [main] INFO  ch.uzh.ifi.seal.smr.soa.evaluation.comments.MainKt - [uber/h3-java] evaluation started
15:51:41.525 [main] INFO  ch.uzh.ifi.seal.smr.soa.evaluation.comments.MainKt - [udoprog/tiny-serializer-java] evaluation started
15:51:41.719 [main] INFO  ch.uzh.ifi.seal.smr.soa.evaluation.comments.MainKt - [ivgiuliani/cuckoohash] evaluation started
15:51:41.766 [main] INFO  ch.uzh.ifi.seal.smr.soa.evaluation.comments.MainKt - [x-stream/xstream] evaluation started
15:51:42.776 [main] INFO  ch.uzh.ifi.seal.smr.soa.evaluation.comments.MainKt - [yandex/yoctodb] evaluation started
15:51:43.179 [main] INFO  ch.uzh.ifi.seal.smr.soa.evaluation.comments.MainKt - [bdonlan/invokedynamic-proxy] evaluation started
15:51:43.243 [main] INFO  ch.uzh.ifi.seal.smr.soa.evaluation.comments.MainKt - [DaanVanYperen/artemis-odb-contrib] evaluation started
15:51:43.508 [main] INFO  ch.uzh.ifi.seal.smr.soa.evaluation.comments.MainKt - [RichardWarburton/java-8-lambdas-exercises] evaluation started
15:51:43.682 [main] INFO  ch.uzh.ifi.seal.smr.soa.evaluation.comments.MainKt - [gensym/hikesaber] evaluation started
15:51:43.714 [main] INFO  ch.uzh.ifi.seal.smr.soa.evaluation.comments.MainKt - [apptik/RHub] evaluation started
15:51:43.933 [main] INFO  ch.uzh.ifi.seal.smr.soa.evaluation.comments.MainKt - [conversant/disruptor_benchmark] evaluation started
15:51:43.971 [main] INFO  ch.uzh.ifi.seal.smr.soa.evaluation.comments.MainKt - [curioswitch/curiostack] evaluation started
15:51:44.724 [main] INFO  ch.uzh.ifi.seal.smr.soa.evaluation.comments.MainKt - [thaibui/algorithms-core] evaluation started
15:51:44.778 [main] INFO  ch.uzh.ifi.seal.smr.soa.evaluation.comments.MainKt - [java8/Java8InAction] evaluation started
15:51:44.945 [main] INFO  ch.uzh.ifi.seal.smr.soa.evaluation.comments.MainKt - [xiajunsongfan/scud] evaluation started
15:51:45.080 [main] INFO  ch.uzh.ifi.seal.smr.soa.evaluation.comments.MainKt - [davidmoten/audio-recognition] evaluation started
15:51:45.130 [main] INFO  ch.uzh.ifi.seal.smr.soa.evaluation.comments.MainKt - [areese/JavaTheCostOfDoingNothing] evaluation started
15:51:45.182 [main] INFO  ch.uzh.ifi.seal.smr.soa.evaluation.comments.MainKt - [mp911de/logstash-gelf] evaluation started
15:51:45.450 [main] INFO  ch.uzh.ifi.seal.smr.soa.evaluation.comments.MainKt - [openrq-team/OpenRQ] evaluation started
15:51:45.949 [main] INFO  ch.uzh.ifi.seal.smr.soa.evaluation.comments.MainKt - [arnaudroger/mapping-benchmark] evaluation started
15:51:46.121 [main] INFO  ch.uzh.ifi.seal.smr.soa.evaluation.comments.MainKt - [protostuff/protostuff] evaluation started
15:51:47.294 [main] INFO  ch.uzh.ifi.seal.smr.soa.evaluation.comments.MainKt - [Mojang/blixtser] evaluation started
15:51:47.403 [main] INFO  ch.uzh.ifi.seal.smr.soa.evaluation.comments.MainKt - [rsocket/rsocket-java] evaluation started
15:51:47.878 [main] INFO  ch.uzh.ifi.seal.smr.soa.evaluation.comments.MainKt - [cheremin/scalarization] evaluation started
15:51:48.062 [main] INFO  ch.uzh.ifi.seal.smr.soa.evaluation.comments.MainKt - [marcelodeolive1ra/DC-UFSCar-ES2-201601-GrupoHelloWorld] evaluation started
15:51:49.851 [main] INFO  ch.uzh.ifi.seal.smr.soa.evaluation.comments.MainKt - [udoprog/tiny-async-java] evaluation started
15:51:50.044 [main] INFO  ch.uzh.ifi.seal.smr.soa.evaluation.comments.MainKt - [XClouded/t4f-core] evaluation started
15:51:54.239 [main] INFO  ch.uzh.ifi.seal.smr.soa.evaluation.comments.MainKt - [apache/calcite] evaluation started
15:52:01.225 [main] INFO  ch.uzh.ifi.seal.smr.soa.evaluation.comments.MainKt - [fnklabs/draenei] evaluation started
15:52:01.372 [main] INFO  ch.uzh.ifi.seal.smr.soa.evaluation.comments.MainKt - [jpaw/jdp] evaluation started
15:52:01.444 [main] INFO  ch.uzh.ifi.seal.smr.soa.evaluation.comments.MainKt - [viniciusfbarbosa/DC-UFSCar-ES2-201601-Grupo-AMTV-] evaluation started
15:52:03.228 [main] INFO  ch.uzh.ifi.seal.smr.soa.evaluation.comments.MainKt - [nielsbasjes/yauaa] evaluation started
15:52:03.583 [main] INFO  ch.uzh.ifi.seal.smr.soa.evaluation.comments.MainKt - [nikarh/equals-builder] evaluation started
15:52:03.648 [main] INFO  ch.uzh.ifi.seal.smr.soa.evaluation.comments.MainKt - [tmontgomery/nuklei] evaluation started
15:52:03.740 [main] INFO  ch.uzh.ifi.seal.smr.soa.evaluation.comments.MainKt - [resilience4j/resilience4j] evaluation started
15:52:04.673 [main] INFO  ch.uzh.ifi.seal.smr.soa.evaluation.comments.MainKt - [togglz/togglz] evaluation started
15:52:05.298 [main] INFO  ch.uzh.ifi.seal.smr.soa.evaluation.comments.MainKt - [tramchamploo/buffer-slayer] evaluation started
15:52:05.469 [main] INFO  ch.uzh.ifi.seal.smr.soa.evaluation.comments.MainKt - [VitrifiedCode/JavaUtilities] evaluation started
15:52:05.630 [main] INFO  ch.uzh.ifi.seal.smr.soa.evaluation.comments.MainKt - [vladimirdolzhenko/hashCodeLegend] evaluation started
15:52:05.692 [main] INFO  ch.uzh.ifi.seal.smr.soa.evaluation.comments.MainKt - [matthew-dailey/java-playaround] evaluation started
15:52:05.740 [main] INFO  ch.uzh.ifi.seal.smr.soa.evaluation.comments.MainKt - [apache/commons-crypto] evaluation started
15:52:05.900 [main] INFO  ch.uzh.ifi.seal.smr.soa.evaluation.comments.MainKt - [Vanilla-Java/Microservices] evaluation started
15:52:05.958 [main] INFO  ch.uzh.ifi.seal.smr.soa.evaluation.comments.MainKt - [DataArt/CalculationEngine] evaluation started
15:52:06.417 [main] INFO  ch.uzh.ifi.seal.smr.soa.evaluation.comments.MainKt - [elastic/elasticsearch] evaluation started
15:52:44.275 [main] INFO  ch.uzh.ifi.seal.smr.soa.evaluation.comments.MainKt - [presidentio/test-data-generator] evaluation started
15:52:44.382 [main] INFO  ch.uzh.ifi.seal.smr.soa.evaluation.comments.MainKt - [hrldcpr/pcollections] evaluation started
15:52:44.498 [main] INFO  ch.uzh.ifi.seal.smr.soa.evaluation.comments.MainKt - [marschall/sets] evaluation started
15:52:44.574 [main] INFO  ch.uzh.ifi.seal.smr.soa.evaluation.comments.MainKt - [micrometer-metrics/micrometer] evaluation started
15:52:45.644 [main] INFO  ch.uzh.ifi.seal.smr.soa.evaluation.comments.MainKt - [maxdemarzi/GuancialeDB] evaluation started
15:52:45.710 [main] INFO  ch.uzh.ifi.seal.smr.soa.evaluation.comments.MainKt - [C0rWin/Java-KMeans-Coreset] evaluation started
15:52:45.927 [main] INFO  ch.uzh.ifi.seal.smr.soa.evaluation.comments.MainKt - [vgalloy/autocatch] evaluation started
15:52:45.980 [main] INFO  ch.uzh.ifi.seal.smr.soa.evaluation.comments.MainKt - [Pitt112/night-hawk] evaluation started
15:52:46.078 [main] INFO  ch.uzh.ifi.seal.smr.soa.evaluation.comments.MainKt - [krystian-k/java-feature-bench] evaluation started
15:52:46.155 [main] INFO  ch.uzh.ifi.seal.smr.soa.evaluation.comments.MainKt - [eseifert/gral] evaluation started
15:52:46.647 [main] INFO  ch.uzh.ifi.seal.smr.soa.evaluation.comments.MainKt - [easymock/objenesis] evaluation started
15:52:46.775 [main] INFO  ch.uzh.ifi.seal.smr.soa.evaluation.comments.MainKt - [lexas2509/perf] evaluation started
15:52:46.903 [main] INFO  ch.uzh.ifi.seal.smr.soa.evaluation.comments.MainKt - [mourao666/cassandra-sim] evaluation started
15:52:53.125 [main] INFO  ch.uzh.ifi.seal.smr.soa.evaluation.comments.MainKt - [nickman/UnsafeAdapter] evaluation started
15:52:53.554 [main] INFO  ch.uzh.ifi.seal.smr.soa.evaluation.comments.MainKt - [reactor/reactor-core] evaluation started
15:52:58.085 [main] INFO  ch.uzh.ifi.seal.smr.soa.evaluation.comments.MainKt - [sajato/logw] evaluation started
15:52:58.133 [main] INFO  ch.uzh.ifi.seal.smr.soa.evaluation.comments.MainKt - [Leibnizhu/spring-boot-starter-netty] evaluation started
15:52:58.216 [main] INFO  ch.uzh.ifi.seal.smr.soa.evaluation.comments.MainKt - [jvz/nio-logger] evaluation started
15:52:58.268 [main] INFO  ch.uzh.ifi.seal.smr.soa.evaluation.comments.MainKt - [akarnokd/RxJava2Extensions] evaluation started
15:52:59.791 [main] INFO  ch.uzh.ifi.seal.smr.soa.evaluation.comments.MainKt - [apache/aurora] evaluation started
15:53:01.284 [main] INFO  ch.uzh.ifi.seal.smr.soa.evaluation.comments.MainKt - [blynkkk/blynk-server] evaluation started
15:53:02.355 [main] INFO  ch.uzh.ifi.seal.smr.soa.evaluation.comments.MainKt - [coconut2015/cookjson] evaluation started
15:53:02.527 [main] INFO  ch.uzh.ifi.seal.smr.soa.evaluation.comments.MainKt - [davidmoten/hilbert-curve] evaluation started
15:53:02.592 [main] INFO  ch.uzh.ifi.seal.smr.soa.evaluation.comments.MainKt - [mbosecke/template-benchmark] evaluation started
15:53:02.631 [main] INFO  ch.uzh.ifi.seal.smr.soa.evaluation.comments.MainKt - [iksmada/DC-UFSCar-ES2-201601-GrupoDilema] evaluation started
15:53:04.296 [main] INFO  ch.uzh.ifi.seal.smr.soa.evaluation.comments.MainKt - [RodrigoRubino/DC-UFSCar-ES2-201601-Grupo-Brainstorm] evaluation started
15:53:06.044 [main] INFO  ch.uzh.ifi.seal.smr.soa.evaluation.comments.MainKt - [nextopcn/lite-pool] evaluation started
15:53:06.177 [main] INFO  ch.uzh.ifi.seal.smr.soa.evaluation.comments.MainKt - [opendaylight/controller] evaluation started
15:53:09.068 [main] INFO  ch.uzh.ifi.seal.smr.soa.evaluation.comments.MainKt - [ReneNeubert/gradle-java-template] evaluation started
15:53:09.104 [main] INFO  ch.uzh.ifi.seal.smr.soa.evaluation.comments.MainKt - [sboesebeck/morphium] evaluation started
15:53:09.864 [main] INFO  ch.uzh.ifi.seal.smr.soa.evaluation.comments.MainKt - [awood/crl-stream] evaluation started
15:53:09.926 [main] INFO  ch.uzh.ifi.seal.smr.soa.evaluation.comments.MainKt - [akarnokd/ixjava] evaluation started
15:53:10.249 [main] INFO  ch.uzh.ifi.seal.smr.soa.evaluation.comments.MainKt - [apache/orc] evaluation started
15:53:11.130 [main] INFO  ch.uzh.ifi.seal.smr.soa.evaluation.comments.MainKt - [federicotg/hashing] evaluation started
15:53:11.366 [main] INFO  ch.uzh.ifi.seal.smr.soa.evaluation.comments.MainKt - [tallerjavaunicen/TallerJava] evaluation started
15:53:11.574 [main] INFO  ch.uzh.ifi.seal.smr.soa.evaluation.comments.MainKt - [lukas-krecan/java8-playground] evaluation started
15:53:11.660 [main] INFO  ch.uzh.ifi.seal.smr.soa.evaluation.comments.MainKt - [dropwizard/metrics] evaluation started
15:53:12.080 [main] INFO  ch.uzh.ifi.seal.smr.soa.evaluation.comments.MainKt - [XueweiKent/LockedTransaction] evaluation started
15:53:19.706 [main] INFO  ch.uzh.ifi.seal.smr.soa.evaluation.comments.MainKt - [reific/braid] evaluation started
15:53:19.769 [main] INFO  ch.uzh.ifi.seal.smr.soa.evaluation.comments.MainKt - [arnaudroger/sfm-csv-variability] evaluation started
15:53:19.817 [main] INFO  ch.uzh.ifi.seal.smr.soa.evaluation.comments.MainKt - [nitram509/intellij-idea-plugin-serializer-toolbox] evaluation started
15:53:19.856 [main] INFO  ch.uzh.ifi.seal.smr.soa.evaluation.comments.MainKt - [benalexau/hash-bench] evaluation started
15:53:19.946 [main] INFO  ch.uzh.ifi.seal.smr.soa.evaluation.comments.MainKt - [pjgg/radioactiveMongoTemplate] evaluation started
15:53:19.961 [main] INFO  ch.uzh.ifi.seal.smr.soa.evaluation.comments.MainKt - [tkowalcz/presentations] evaluation started
15:53:20.077 [main] INFO  ch.uzh.ifi.seal.smr.soa.evaluation.comments.MainKt - [RTBHOUSE/neural-network-native-ops] evaluation started
15:53:20.121 [main] INFO  ch.uzh.ifi.seal.smr.soa.evaluation.comments.MainKt - [jerrinot/FieldMagic] evaluation started
15:53:20.181 [main] INFO  ch.uzh.ifi.seal.smr.soa.evaluation.comments.MainKt - [asimihsan/jmh-gradle-anagrams] evaluation started
15:53:20.214 [main] INFO  ch.uzh.ifi.seal.smr.soa.evaluation.comments.MainKt - [zzuhtzy/okio-source-read] evaluation started
15:53:20.379 [main] INFO  ch.uzh.ifi.seal.smr.soa.evaluation.comments.MainKt - [addthis/codec] evaluation started
15:53:20.513 [main] INFO  ch.uzh.ifi.seal.smr.soa.evaluation.comments.MainKt - [dryuf/dryuf-concurrent] evaluation started
15:53:20.646 [main] INFO  ch.uzh.ifi.seal.smr.soa.evaluation.comments.MainKt - [davidmoten/kool] evaluation started
15:53:20.939 [main] INFO  ch.uzh.ifi.seal.smr.soa.evaluation.comments.MainKt - [davidmoten/rxjava2-extras] evaluation started
15:53:21.207 [main] INFO  ch.uzh.ifi.seal.smr.soa.evaluation.comments.MainKt - [Domo42/saga-lib] evaluation started
15:53:21.394 [main] INFO  ch.uzh.ifi.seal.smr.soa.evaluation.comments.MainKt - [Gilandel/utils-assertor] evaluation started
15:53:22.184 [main] INFO  ch.uzh.ifi.seal.smr.soa.evaluation.comments.MainKt - [Graylog2/graylog-plugin-pipeline-processor] evaluation started
15:53:22.516 [main] INFO  ch.uzh.ifi.seal.smr.soa.evaluation.comments.MainKt - [d0k1/groovy-eval-bench] evaluation started
15:53:22.581 [main] INFO  ch.uzh.ifi.seal.smr.soa.evaluation.comments.MainKt - [volodarsky/zephyr-benchmark] evaluation started
15:53:22.627 [main] INFO  ch.uzh.ifi.seal.smr.soa.evaluation.comments.MainKt - [jenetics/prngine] evaluation started
15:53:22.759 [main] INFO  ch.uzh.ifi.seal.smr.soa.evaluation.comments.MainKt - [marschall/charsequences] evaluation started
15:53:22.805 [main] INFO  ch.uzh.ifi.seal.smr.soa.evaluation.comments.MainKt - [xysun/sbe-erlang] evaluation started
15:53:23.021 [main] INFO  ch.uzh.ifi.seal.smr.soa.evaluation.comments.MainKt - [n1analytics/javallier] evaluation started
15:53:23.156 [main] INFO  ch.uzh.ifi.seal.smr.soa.evaluation.comments.MainKt - [plokhotnyuk/scala-vs-java] evaluation started
15:53:23.188 [main] INFO  ch.uzh.ifi.seal.smr.soa.evaluation.comments.MainKt - [openzipkin/zipkin-reporter-java] evaluation started
15:53:23.366 [main] INFO  ch.uzh.ifi.seal.smr.soa.evaluation.comments.MainKt - [pietermartin/sqlg] evaluation started
15:53:25.110 [main] INFO  ch.uzh.ifi.seal.smr.soa.evaluation.comments.MainKt - [prasanthj/bloomfilter] evaluation started
15:53:25.186 [main] INFO  ch.uzh.ifi.seal.smr.soa.evaluation.comments.MainKt - [Mart-Bogdan/vertx-hello] evaluation started
15:53:25.226 [main] INFO  ch.uzh.ifi.seal.smr.soa.evaluation.comments.MainKt - [spotify/sparkey-java] evaluation started
15:53:25.365 [main] INFO  ch.uzh.ifi.seal.smr.soa.evaluation.comments.MainKt - [raviprak/JAVABench] evaluation started
15:53:25.406 [main] INFO  ch.uzh.ifi.seal.smr.soa.evaluation.comments.MainKt - [addthis/basis] evaluation started
15:53:25.686 [main] INFO  ch.uzh.ifi.seal.smr.soa.evaluation.comments.MainKt - [airlift/airlift] evaluation started
15:53:26.622 [main] INFO  ch.uzh.ifi.seal.smr.soa.evaluation.comments.MainKt - [Zappos/zappos-json] evaluation started
15:53:26.734 [main] INFO  ch.uzh.ifi.seal.smr.soa.evaluation.comments.MainKt - [codesorcery/juan] evaluation started
15:53:26.854 [main] INFO  ch.uzh.ifi.seal.smr.soa.evaluation.comments.MainKt - [jmnarloch/trie] evaluation started
15:53:26.913 [main] INFO  ch.uzh.ifi.seal.smr.soa.evaluation.comments.MainKt - [Querables/querables-java] evaluation started
15:53:26.958 [main] INFO  ch.uzh.ifi.seal.smr.soa.evaluation.comments.MainKt - [hibernate/hibernate-validator] evaluation started
15:53:29.065 [main] INFO  ch.uzh.ifi.seal.smr.soa.evaluation.comments.MainKt - [JabRef/jabref] evaluation started
15:53:31.727 [main] INFO  ch.uzh.ifi.seal.smr.soa.evaluation.comments.MainKt - [Jiri-Kremser/inventory-benchmark] evaluation started
15:53:31.789 [main] INFO  ch.uzh.ifi.seal.smr.soa.evaluation.comments.MainKt - [spiffykahuna/TIJ4-code_idea] evaluation started
15:53:33.108 [main] INFO  ch.uzh.ifi.seal.smr.soa.evaluation.comments.MainKt - [joyent/java-http-signature] evaluation started
15:53:33.228 [main] INFO  ch.uzh.ifi.seal.smr.soa.evaluation.comments.MainKt - [manoelcampos/cloudsim-plus] evaluation started
15:53:34.232 [main] INFO  ch.uzh.ifi.seal.smr.soa.evaluation.comments.MainKt - [opendaylight/yangtools] evaluation started
15:53:37.124 [main] INFO  ch.uzh.ifi.seal.smr.soa.evaluation.comments.MainKt - [debmalya/vigilant-tribble] evaluation started
15:53:37.199 [main] INFO  ch.uzh.ifi.seal.smr.soa.evaluation.comments.MainKt - [pombreda/btrace-hg] evaluation started
15:53:37.611 [main] INFO  ch.uzh.ifi.seal.smr.soa.evaluation.comments.MainKt - [mikvor/hashmapTest] evaluation started
15:53:37.703 [main] INFO  ch.uzh.ifi.seal.smr.soa.evaluation.comments.MainKt - [kno10/reversegeocode] evaluation started
15:53:37.777 [main] INFO  ch.uzh.ifi.seal.smr.soa.evaluation.comments.MainKt - [vietj/reactive-pg-client] evaluation started
15:53:38.133 [main] INFO  ch.uzh.ifi.seal.smr.soa.evaluation.comments.MainKt - [vladimir-bukhtoyarov/bucket4j] evaluation started
15:53:38.300 [main] INFO  ch.uzh.ifi.seal.smr.soa.evaluation.comments.MainKt - [vladimirdolzhenko/gflogger] evaluation started
15:53:38.562 [main] INFO  ch.uzh.ifi.seal.smr.soa.evaluation.comments.MainKt - [vlsi/compactmap] evaluation started
15:53:38.619 [main] INFO  ch.uzh.ifi.seal.smr.soa.evaluation.comments.MainKt - [wavesoftware/java-eid-exceptions] evaluation started
15:53:38.729 [main] INFO  ch.uzh.ifi.seal.smr.soa.evaluation.comments.MainKt - [apache/commons-csv] evaluation started
15:53:38.915 [main] INFO  ch.uzh.ifi.seal.smr.soa.evaluation.comments.MainKt - [fenderstr/my-bench] evaluation started
15:53:38.957 [main] INFO  ch.uzh.ifi.seal.smr.soa.evaluation.comments.MainKt - [chrisvest/object-pool-benchmarks] evaluation started
15:53:39.010 [main] INFO  ch.uzh.ifi.seal.smr.soa.evaluation.comments.MainKt - [igorgallon/DC-UFSCar-ES2-201601--GrupoAbeliano] evaluation started
15:53:40.790 [main] INFO  ch.uzh.ifi.seal.smr.soa.evaluation.comments.MainKt - [winklerm/phreak-examples] evaluation started
15:53:40.838 [main] INFO  ch.uzh.ifi.seal.smr.soa.evaluation.comments.MainKt - [cryptomator/cryptolib] evaluation started
15:53:40.928 [main] INFO  ch.uzh.ifi.seal.smr.soa.evaluation.comments.MainKt - [maxdemarzi/graph_processing] evaluation started
15:53:40.990 [main] INFO  ch.uzh.ifi.seal.smr.soa.evaluation.comments.MainKt - [dropwizard/dropwizard] evaluation started
15:53:42.388 [main] INFO  ch.uzh.ifi.seal.smr.soa.evaluation.comments.MainKt - [BrentDouglas/vial] evaluation started
15:53:42.597 [main] INFO  ch.uzh.ifi.seal.smr.soa.evaluation.comments.MainKt - [kvr000/zbynek-concurrent-pof] evaluation started
15:53:42.727 [main] INFO  ch.uzh.ifi.seal.smr.soa.evaluation.comments.MainKt - [Javalbert/faster-than-reflection] evaluation started
15:53:42.861 [main] INFO  ch.uzh.ifi.seal.smr.soa.evaluation.comments.MainKt - [jchambers/jvptree] evaluation started
15:53:42.923 [main] INFO  ch.uzh.ifi.seal.smr.soa.evaluation.comments.MainKt - [jhawo82882/MDP3Sample] evaluation started
15:53:43.215 [main] INFO  ch.uzh.ifi.seal.smr.soa.evaluation.comments.MainKt - [akarnokd/reactive-streams-impl] evaluation started
15:53:43.395 [main] INFO  ch.uzh.ifi.seal.smr.soa.evaluation.comments.MainKt - [jpaw/fixedpoint] evaluation started
15:53:43.471 [main] INFO  ch.uzh.ifi.seal.smr.soa.evaluation.comments.MainKt - [ConSol/parallel-streams-example] evaluation started
15:53:43.527 [main] INFO  ch.uzh.ifi.seal.smr.soa.evaluation.comments.MainKt - [victor-cr/threadlocal-benchmark] evaluation started
15:53:43.568 [main] INFO  ch.uzh.ifi.seal.smr.soa.evaluation.comments.MainKt - [lucwillems/JavaLinuxNet] evaluation started
15:53:43.759 [main] INFO  ch.uzh.ifi.seal.smr.soa.evaluation.comments.MainKt - [marschall/line-parser] evaluation started
15:53:43.835 [main] INFO  ch.uzh.ifi.seal.smr.soa.evaluation.comments.MainKt - [vongosling/jvm-serializer] evaluation started
15:53:43.892 [main] INFO  ch.uzh.ifi.seal.smr.soa.evaluation.comments.MainKt - [fbaro/jpack] evaluation started
15:53:43.966 [main] INFO  ch.uzh.ifi.seal.smr.soa.evaluation.comments.MainKt - [maxifier/mxcache] evaluation started
15:53:45.347 [main] INFO  ch.uzh.ifi.seal.smr.soa.evaluation.comments.MainKt - [pdemanget/examples] evaluation started
15:53:45.496 [main] INFO  ch.uzh.ifi.seal.smr.soa.evaluation.comments.MainKt - [spriet2000/vertx-http-router] evaluation started
15:53:45.548 [main] INFO  ch.uzh.ifi.seal.smr.soa.evaluation.comments.MainKt - [OpenFeign/feign] evaluation started
15:53:46.051 [main] INFO  ch.uzh.ifi.seal.smr.soa.evaluation.comments.MainKt - [pinterest/jbender] evaluation started
15:53:46.112 [main] INFO  ch.uzh.ifi.seal.smr.soa.evaluation.comments.MainKt - [promeG/TinyPinyin] evaluation started
15:53:46.240 [main] INFO  ch.uzh.ifi.seal.smr.soa.evaluation.comments.MainKt - [protobufel/multikeymapjava] evaluation started
15:53:46.328 [main] INFO  ch.uzh.ifi.seal.smr.soa.evaluation.comments.MainKt - [nicoulaj/jmh-utils] evaluation started
15:53:46.416 [main] INFO  ch.uzh.ifi.seal.smr.soa.evaluation.comments.MainKt - [jasobrown/barker] evaluation started
15:53:46.491 [main] INFO  ch.uzh.ifi.seal.smr.soa.evaluation.comments.MainKt - [snazy/ohc] evaluation started
15:53:46.772 [main] INFO  ch.uzh.ifi.seal.smr.soa.evaluation.comments.MainKt - [ssaarela/javersion] evaluation started
15:53:47.444 [main] INFO  ch.uzh.ifi.seal.smr.soa.evaluation.comments.MainKt - [blemale/fuse] evaluation started
15:53:47.495 [main] INFO  ch.uzh.ifi.seal.smr.soa.evaluation.comments.MainKt - [TridentSDK/Trident] evaluation started
15:53:47.867 [main] INFO  ch.uzh.ifi.seal.smr.soa.evaluation.comments.MainKt - [sormuras/treasure] evaluation started
15:53:47.923 [main] INFO  ch.uzh.ifi.seal.smr.soa.evaluation.comments.MainKt - [ruslan-sverchkov/aho-corasick] evaluation started
15:53:47.977 [main] INFO  ch.uzh.ifi.seal.smr.soa.evaluation.comments.MainKt - [apache/incubator-gobblin] evaluation started
15:53:53.080 [main] INFO  ch.uzh.ifi.seal.smr.soa.evaluation.comments.MainKt - [PacktPublishing/Mastering-Mesos] evaluation started
15:53:55.594 [main] INFO  ch.uzh.ifi.seal.smr.soa.evaluation.comments.MainKt - [immutables/samples] evaluation started
15:53:55.643 [main] INFO  ch.uzh.ifi.seal.smr.soa.evaluation.comments.MainKt - [ceki/logback-perf] evaluation started
15:53:55.674 [main] INFO  ch.uzh.ifi.seal.smr.soa.evaluation.comments.MainKt - [d0k1/jitloganalyzer] evaluation started
15:53:55.756 [main] INFO  ch.uzh.ifi.seal.smr.soa.evaluation.comments.MainKt - [Devexperts/dlcheck] evaluation started
15:53:55.882 [main] INFO  ch.uzh.ifi.seal.smr.soa.evaluation.comments.MainKt - [Gilandel/utils-commons] evaluation started
15:53:56.500 [main] INFO  ch.uzh.ifi.seal.smr.soa.evaluation.comments.MainKt - [ben-manes/caffeine] evaluation started
15:53:58.022 [main] INFO  ch.uzh.ifi.seal.smr.soa.evaluation.comments.MainKt - [epickrram/jvm-warmup-talk] evaluation started
15:53:58.062 [main] INFO  ch.uzh.ifi.seal.smr.soa.evaluation.comments.MainKt - [tdunning/t-digest-benchmark] evaluation started
15:53:58.104 [main] INFO  ch.uzh.ifi.seal.smr.soa.evaluation.comments.MainKt - [CrispOSS/prime-sieves] evaluation started
15:53:58.151 [main] INFO  ch.uzh.ifi.seal.smr.soa.evaluation.comments.MainKt - [neo4j-contrib/neo4j-jdbc] evaluation started
15:53:58.512 [main] INFO  ch.uzh.ifi.seal.smr.soa.evaluation.comments.MainKt - [MaridProject/typedmap] evaluation started
15:53:58.585 [main] INFO  ch.uzh.ifi.seal.smr.soa.evaluation.comments.MainKt - [LiveMyKarma/Finalizer] evaluation started
15:53:58.617 [main] INFO  ch.uzh.ifi.seal.smr.soa.evaluation.comments.MainKt - [melix/jmh-gradle-plugin] evaluation started
15:53:58.680 [main] INFO  ch.uzh.ifi.seal.smr.soa.evaluation.comments.MainKt - [epickrram/lock-contention] evaluation started
15:53:58.740 [main] INFO  ch.uzh.ifi.seal.smr.soa.evaluation.comments.MainKt - [rslemos/pet-grammars] evaluation started
15:53:58.780 [main] INFO  ch.uzh.ifi.seal.smr.soa.evaluation.comments.MainKt - [paritytrading/parity] evaluation started
15:53:58.923 [main] INFO  ch.uzh.ifi.seal.smr.soa.evaluation.comments.MainKt - [protobufel/protobuf-el] evaluation started
15:54:04.271 [main] INFO  ch.uzh.ifi.seal.smr.soa.evaluation.comments.MainKt - [s4ke/moar] evaluation started
15:54:04.409 [main] INFO  ch.uzh.ifi.seal.smr.soa.evaluation.comments.MainKt - [komiya-atsushi/fast-rng-java] evaluation started
15:54:04.514 [main] INFO  ch.uzh.ifi.seal.smr.soa.evaluation.comments.MainKt - [finn-no/serdes-shootout] evaluation started
15:54:04.567 [main] INFO  ch.uzh.ifi.seal.smr.soa.evaluation.comments.MainKt - [rxin/jvm-unsafe-utils] evaluation started
15:54:04.640 [main] INFO  ch.uzh.ifi.seal.smr.soa.evaluation.comments.MainKt - [coder-press/crazy-soap] evaluation started
15:54:04.677 [main] INFO  ch.uzh.ifi.seal.smr.soa.evaluation.comments.MainKt - [apache/kafka] evaluation started
15:54:10.807 [main] INFO  ch.uzh.ifi.seal.smr.soa.evaluation.comments.MainKt - [batterseapower/btreemap] evaluation started
15:54:10.942 [main] INFO  ch.uzh.ifi.seal.smr.soa.evaluation.comments.MainKt - [codahale/gimli] evaluation started
15:54:10.974 [main] INFO  ch.uzh.ifi.seal.smr.soa.evaluation.comments.MainKt - [codahale/xsalsa20poly1305] evaluation started
15:54:11.013 [main] INFO  ch.uzh.ifi.seal.smr.soa.evaluation.comments.MainKt - [jayjaylab-benchmark/retrofitvsokhttp] evaluation started
15:54:11.051 [main] INFO  ch.uzh.ifi.seal.smr.soa.evaluation.comments.MainKt - [d0k1/acache] evaluation started
15:54:11.093 [main] INFO  ch.uzh.ifi.seal.smr.soa.evaluation.comments.MainKt - [thymeleaf/thymeleaf-benchmarks] evaluation started
15:54:11.185 [main] INFO  ch.uzh.ifi.seal.smr.soa.evaluation.comments.MainKt - [nitsanw/jmh-samples] evaluation started
15:54:11.224 [main] INFO  ch.uzh.ifi.seal.smr.soa.evaluation.comments.MainKt - [michaelhixson/jmh-benchmark-listof] evaluation started
15:54:11.256 [main] INFO  ch.uzh.ifi.seal.smr.soa.evaluation.comments.MainKt - [FIXTradingCommunity/silverflash] evaluation started
15:54:11.527 [main] INFO  ch.uzh.ifi.seal.smr.soa.evaluation.comments.MainKt - [prasanthj/hasher] evaluation started
15:54:11.571 [main] INFO  ch.uzh.ifi.seal.smr.soa.evaluation.comments.MainKt - [huxi/sulky] evaluation started
15:54:11.933 [main] INFO  ch.uzh.ifi.seal.smr.soa.evaluation.comments.MainKt - [jvcaquino/DC-UFSCar-ES2-201601-Grupo6] evaluation started
15:54:13.735 [main] INFO  ch.uzh.ifi.seal.smr.soa.evaluation.comments.MainKt - [mbosecke/pebble-benchmark] evaluation started
15:54:13.765 [main] INFO  ch.uzh.ifi.seal.smr.soa.evaluation.comments.MainKt - [kaazing/gateway] evaluation started
15:54:17.999 [main] INFO  ch.uzh.ifi.seal.smr.soa.evaluation.comments.MainKt - [mdhorton/experiments] evaluation started
15:54:18.065 [main] INFO  ch.uzh.ifi.seal.smr.soa.evaluation.comments.MainKt - [dmitryleskov/algs4bench] evaluation started
15:54:18.119 [main] INFO  ch.uzh.ifi.seal.smr.soa.evaluation.comments.MainKt - [fakemongo/fongo] evaluation started
15:54:18.611 [main] INFO  ch.uzh.ifi.seal.smr.soa.evaluation.comments.MainKt - [mjeffrey/log-sanitizer] evaluation started
15:54:18.668 [main] INFO  ch.uzh.ifi.seal.smr.soa.evaluation.comments.MainKt - [JervenBolleman/java-benchmarks] evaluation started
15:54:18.714 [main] INFO  ch.uzh.ifi.seal.smr.soa.evaluation.comments.MainKt - [octabase/fnr-java] evaluation started
15:54:18.775 [main] INFO  ch.uzh.ifi.seal.smr.soa.evaluation.comments.MainKt - [PhantomThief/scope] evaluation started
15:54:18.838 [main] INFO  ch.uzh.ifi.seal.smr.soa.evaluation.comments.MainKt - [reaktivity/nukleus.java] evaluation started
15:54:18.919 [main] INFO  ch.uzh.ifi.seal.smr.soa.evaluation.comments.MainKt - [smoketurner/notification] evaluation started
15:54:19.082 [main] INFO  ch.uzh.ifi.seal.smr.soa.evaluation.comments.MainKt - [spotify/netty-zmtp] evaluation started
15:54:19.210 [main] INFO  ch.uzh.ifi.seal.smr.soa.evaluation.comments.MainKt - [bodewig/commons-compress-benchmarks] evaluation started
15:54:19.243 [main] INFO  ch.uzh.ifi.seal.smr.soa.evaluation.comments.MainKt - [gpanther/benchmark-arraycopy] evaluation started
15:54:19.281 [main] INFO  ch.uzh.ifi.seal.smr.soa.evaluation.comments.MainKt - [jnordwick/zerog-grisu] evaluation started
15:54:19.322 [main] INFO  ch.uzh.ifi.seal.smr.soa.evaluation.comments.MainKt - [renoth/texxxxas] evaluation started
15:54:19.381 [main] INFO  ch.uzh.ifi.seal.smr.soa.evaluation.comments.MainKt - [cpoepke/demos] evaluation started
15:54:19.460 [main] INFO  ch.uzh.ifi.seal.smr.soa.evaluation.comments.MainKt - [batterseapower/timeseries-compression] evaluation started
15:54:19.518 [main] INFO  ch.uzh.ifi.seal.smr.soa.evaluation.comments.MainKt - [Nawy/UnsafeCollections] evaluation started
15:54:19.561 [main] INFO  ch.uzh.ifi.seal.smr.soa.evaluation.comments.MainKt - [amsa-code/risky] evaluation started
15:54:20.058 [main] INFO  ch.uzh.ifi.seal.smr.soa.evaluation.comments.MainKt - [whitingjr/batch-rewrite-statements-perf] evaluation started
15:54:20.094 [main] INFO  ch.uzh.ifi.seal.smr.soa.evaluation.comments.MainKt - [tempredirect/GeoFun] evaluation started
15:54:20.134 [main] INFO  ch.uzh.ifi.seal.smr.soa.evaluation.comments.MainKt - [carrotsearch/hppc] evaluation started
15:54:20.398 [main] INFO  ch.uzh.ifi.seal.smr.soa.evaluation.comments.MainKt - [danielnorberg/rut] evaluation started
15:54:20.475 [main] INFO  ch.uzh.ifi.seal.smr.soa.evaluation.comments.MainKt - [darwin-evolution/darwin] evaluation started
15:54:20.546 [main] INFO  ch.uzh.ifi.seal.smr.soa.evaluation.comments.MainKt - [PhillHenry/palgorithms] evaluation started
15:54:20.578 [main] INFO  ch.uzh.ifi.seal.smr.soa.evaluation.comments.MainKt - [uchuhimo/kotlin-playground] evaluation started
15:54:20.632 [main] INFO  ch.uzh.ifi.seal.smr.soa.evaluation.comments.MainKt - [gvsmirnov/java-perv] evaluation started
15:54:20.702 [main] INFO  ch.uzh.ifi.seal.smr.soa.evaluation.comments.MainKt - [glowroot/glowroot] evaluation started
15:54:23.378 [main] INFO  ch.uzh.ifi.seal.smr.soa.evaluation.comments.MainKt - [mkraemerx/algorithm-art] evaluation started
15:54:23.439 [main] INFO  ch.uzh.ifi.seal.smr.soa.evaluation.comments.MainKt - [smoketurner/graphiak] evaluation started
15:54:23.503 [main] INFO  ch.uzh.ifi.seal.smr.soa.evaluation.comments.MainKt - [volkodava/disruptor-benchmark-tests] evaluation started
15:54:23.537 [main] INFO  ch.uzh.ifi.seal.smr.soa.evaluation.comments.MainKt - [OpenHFT/jvm-micro-benchmarks] evaluation started
15:54:23.579 [main] INFO  ch.uzh.ifi.seal.smr.soa.evaluation.comments.MainKt - [yulang/Modified-Parquet] evaluation started
15:54:24.952 [main] INFO  ch.uzh.ifi.seal.smr.soa.evaluation.comments.MainKt - [karlicoss/autohash] evaluation started
15:54:25.000 [main] INFO  ch.uzh.ifi.seal.smr.soa.evaluation.comments.MainKt - [MeteoGroup/jbrotli] evaluation started
15:54:25.114 [main] INFO  ch.uzh.ifi.seal.smr.soa.evaluation.comments.MainKt - [ghxandsky/benchmarx] evaluation started
15:54:25.146 [main] INFO  ch.uzh.ifi.seal.smr.soa.evaluation.comments.MainKt - [konmik/collection-benchmark] evaluation started
15:54:25.190 [main] INFO  ch.uzh.ifi.seal.smr.soa.evaluation.comments.MainKt - [bassemZohdy/SimpleUtils] evaluation started
15:54:25.242 [main] INFO  ch.uzh.ifi.seal.smr.soa.evaluation.comments.MainKt - [deephacks/lmdbjni] evaluation started
15:54:25.371 [main] INFO  ch.uzh.ifi.seal.smr.soa.evaluation.comments.MainKt - [jthelin/orbit] evaluation started
15:54:25.882 [main] INFO  ch.uzh.ifi.seal.smr.soa.evaluation.comments.MainKt - [tomwhoiscontrary/sarcoptic] evaluation started
15:54:25.947 [main] INFO  ch.uzh.ifi.seal.smr.soa.evaluation.comments.MainKt - [sbwdlihao/chainj] evaluation started
15:54:26.127 [main] INFO  ch.uzh.ifi.seal.smr.soa.evaluation.comments.MainKt - [michaljonko/blog-examples] evaluation started
15:54:26.218 [main] INFO  ch.uzh.ifi.seal.smr.soa.evaluation.comments.MainKt - [RichardWarburton/java-final-benchmark] evaluation started
15:54:26.249 [main] INFO  ch.uzh.ifi.seal.smr.soa.evaluation.comments.MainKt - [nickman/json-benchmark] evaluation started
15:54:26.297 [main] INFO  ch.uzh.ifi.seal.smr.soa.evaluation.comments.MainKt - [person-lee/nlp] evaluation started
15:54:26.918 [main] INFO  ch.uzh.ifi.seal.smr.soa.evaluation.comments.MainKt - [alexeyr/pcg-java] evaluation started
15:54:26.953 [main] INFO  ch.uzh.ifi.seal.smr.soa.evaluation.comments.MainKt - [allegro/json-avro-converter] evaluation started
15:54:27.003 [main] INFO  ch.uzh.ifi.seal.smr.soa.evaluation.comments.MainKt - [alexey-kotlyar/algostructure] evaluation started
15:54:27.051 [main] INFO  ch.uzh.ifi.seal.smr.soa.evaluation.comments.MainKt - [brettwooldridge/HikariJSON-benchmark] evaluation started
15:54:27.084 [main] INFO  ch.uzh.ifi.seal.smr.soa.evaluation.comments.MainKt - [maxdemarzi/ChronicleGraph] evaluation started
15:54:27.125 [main] INFO  ch.uzh.ifi.seal.smr.soa.evaluation.comments.MainKt - [incaseoftrouble/naturals-util] evaluation started
15:54:27.343 [main] INFO  ch.uzh.ifi.seal.smr.soa.evaluation.comments.MainKt - [apptik/joio] evaluation started
15:54:27.387 [main] INFO  ch.uzh.ifi.seal.smr.soa.evaluation.comments.MainKt - [bramp/unsafe] evaluation started
15:54:27.469 [main] INFO  ch.uzh.ifi.seal.smr.soa.evaluation.comments.MainKt - [andrepnh/data-structure-fun] evaluation started
15:54:27.516 [main] INFO  ch.uzh.ifi.seal.smr.soa.evaluation.comments.MainKt - [burmanm/gorilla-tsc] evaluation started
15:54:27.569 [main] INFO  ch.uzh.ifi.seal.smr.soa.evaluation.comments.MainKt - [classgraph/classgraph] evaluation started
15:54:28.044 [main] INFO  ch.uzh.ifi.seal.smr.soa.evaluation.comments.MainKt - [codahale/aes-gcm-siv] evaluation started
15:54:28.081 [main] INFO  ch.uzh.ifi.seal.smr.soa.evaluation.comments.MainKt - [codahale/passpol] evaluation started
15:54:28.120 [main] INFO  ch.uzh.ifi.seal.smr.soa.evaluation.comments.MainKt - [SeanPMiller/containers] evaluation started
15:54:28.213 [main] INFO  ch.uzh.ifi.seal.smr.soa.evaluation.comments.MainKt - [eranharel/memcached-java-clients-benchmark] evaluation started
15:54:28.251 [main] INFO  ch.uzh.ifi.seal.smr.soa.evaluation.comments.MainKt - [eventsourcing/es4j] evaluation started
15:54:28.726 [main] INFO  ch.uzh.ifi.seal.smr.soa.evaluation.comments.MainKt - [foursquare/fsqio] evaluation started
15:54:28.917 [main] INFO  ch.uzh.ifi.seal.smr.soa.evaluation.comments.MainKt - [HubSpot/jinjava] evaluation started
15:54:29.320 [main] INFO  ch.uzh.ifi.seal.smr.soa.evaluation.comments.MainKt - [identifiers/identifiers-java] evaluation started
15:54:29.418 [main] INFO  ch.uzh.ifi.seal.smr.soa.evaluation.comments.MainKt - [ruediste/salta-benchmark] evaluation started
15:54:29.461 [main] INFO  ch.uzh.ifi.seal.smr.soa.evaluation.comments.MainKt - [InvisibleTech/state] evaluation started
15:54:29.503 [main] INFO  ch.uzh.ifi.seal.smr.soa.evaluation.comments.MainKt - [arjunswaj/Java8] evaluation started
15:54:29.550 [main] INFO  ch.uzh.ifi.seal.smr.soa.evaluation.comments.MainKt - [Java-Courses/collections-m0e4] evaluation started
15:54:29.578 [main] INFO  ch.uzh.ifi.seal.smr.soa.evaluation.comments.MainKt - [jsubercaze/simhashdb] evaluation started
15:54:29.679 [main] INFO  ch.uzh.ifi.seal.smr.soa.evaluation.comments.MainKt - [iamdarksorcerer/java-jmh-benchmarks] evaluation started
15:54:29.709 [main] INFO  ch.uzh.ifi.seal.smr.soa.evaluation.comments.MainKt - [jayware/entity-essentials] evaluation started
15:54:30.111 [main] INFO  ch.uzh.ifi.seal.smr.soa.evaluation.comments.MainKt - [arienkock/parallelism-benchmarks] evaluation started
15:54:30.154 [main] INFO  ch.uzh.ifi.seal.smr.soa.evaluation.comments.MainKt - [johnlcox/motif] evaluation started
15:54:30.459 [main] INFO  ch.uzh.ifi.seal.smr.soa.evaluation.comments.MainKt - [dcapwell/java-file-operations] evaluation started
15:54:30.500 [main] INFO  ch.uzh.ifi.seal.smr.soa.evaluation.comments.MainKt - [victor-cr/template-text-parser] evaluation started
15:54:30.572 [main] INFO  ch.uzh.ifi.seal.smr.soa.evaluation.comments.MainKt - [camunda/camunda-engine-dmn-benchmark] evaluation started
15:54:30.604 [main] INFO  ch.uzh.ifi.seal.smr.soa.evaluation.comments.MainKt - [CHmoonKa/json-libraries-jmh] evaluation started
15:54:30.640 [main] INFO  ch.uzh.ifi.seal.smr.soa.evaluation.comments.MainKt - [MartinanderssonDotcom/money-profiling] evaluation started
15:54:30.760 [main] INFO  ch.uzh.ifi.seal.smr.soa.evaluation.comments.MainKt - [kickass-jmh/riviera] evaluation started
15:54:30.793 [main] INFO  ch.uzh.ifi.seal.smr.soa.evaluation.comments.MainKt - [OpenHFT/Chronicle-Algorithms] evaluation started
15:54:31.101 [main] INFO  ch.uzh.ifi.seal.smr.soa.evaluation.comments.MainKt - [OpenHFT/Chronicle-Logger] evaluation started
15:54:31.213 [main] INFO  ch.uzh.ifi.seal.smr.soa.evaluation.comments.MainKt - [bensteinert/chromarenderer-java-benchmarks] evaluation started
15:54:31.246 [main] INFO  ch.uzh.ifi.seal.smr.soa.evaluation.comments.MainKt - [daten-io/faster] evaluation started
15:54:31.285 [main] INFO  ch.uzh.ifi.seal.smr.soa.evaluation.comments.MainKt - [real-logic/simple-binary-encoding] evaluation started
15:54:31.691 [main] INFO  ch.uzh.ifi.seal.smr.soa.evaluation.comments.MainKt - [willhaben/blog] evaluation started
15:54:31.818 [main] INFO  ch.uzh.ifi.seal.smr.soa.evaluation.comments.MainKt - [demoth/finistika] evaluation started
15:54:31.948 [main] INFO  ch.uzh.ifi.seal.smr.soa.evaluation.comments.MainKt - [spotify/completable-futures] evaluation started
15:54:32.020 [main] INFO  ch.uzh.ifi.seal.smr.soa.evaluation.comments.MainKt - [stewsters/stewsters-util] evaluation started
15:54:32.248 [main] INFO  ch.uzh.ifi.seal.smr.soa.evaluation.comments.MainKt - [npetzall/persistent-queue] evaluation started
15:54:32.301 [main] INFO  ch.uzh.ifi.seal.smr.soa.evaluation.comments.MainKt - [shalinmangar/solr-jmh-tests] evaluation started
15:54:32.342 [main] INFO  ch.uzh.ifi.seal.smr.soa.evaluation.comments.MainKt - [terma/mutable-fast-select] evaluation started
15:54:32.388 [main] INFO  ch.uzh.ifi.seal.smr.soa.evaluation.comments.MainKt - [tinyj/tinyj-lazy] evaluation started
15:54:32.431 [main] INFO  ch.uzh.ifi.seal.smr.soa.evaluation.comments.MainKt - [MorganBauer/java-experiments] evaluation started
15:54:32.471 [main] INFO  ch.uzh.ifi.seal.smr.soa.evaluation.comments.MainKt - [arnaudroger/benchmark-loop] evaluation started
15:54:32.505 [main] INFO  ch.uzh.ifi.seal.smr.soa.evaluation.comments.MainKt - [tootedom/herdcache] evaluation started
15:54:32.881 [main] INFO  ch.uzh.ifi.seal.smr.soa.evaluation.comments.MainKt - [wenerme/seq] evaluation started
15:54:32.947 [main] INFO  ch.uzh.ifi.seal.smr.soa.evaluation.comments.MainKt - [Gohla/persistent-graph] evaluation started
15:54:33.028 [main] INFO  ch.uzh.ifi.seal.smr.soa.evaluation.comments.MainKt - [vsch/flexmark-java] evaluation started
15:54:35.119 [main] INFO  ch.uzh.ifi.seal.smr.soa.evaluation.comments.MainKt - [airlift/aircompressor] evaluation started
15:54:35.318 [main] INFO  ch.uzh.ifi.seal.smr.soa.evaluation.comments.MainKt - [anonl/nvlist] evaluation started
15:54:36.277 [main] INFO  ch.uzh.ifi.seal.smr.soa.evaluation.comments.MainKt - [apache/commons-bcel] evaluation started
15:54:36.990 [main] INFO  ch.uzh.ifi.seal.smr.soa.evaluation.comments.MainKt - [uliashkevich/native-struct] evaluation started
15:54:37.087 [main] INFO  ch.uzh.ifi.seal.smr.soa.evaluation.comments.MainKt - [apache/incubator-rya] evaluation started
15:54:40.798 [main] INFO  ch.uzh.ifi.seal.smr.soa.evaluation.comments.MainKt - [yanchith/pattern] evaluation started
15:54:40.911 [main] INFO  ch.uzh.ifi.seal.smr.soa.evaluation.comments.MainKt - [sujanctg2005/test-project] evaluation started
15:54:40.992 [main] INFO  ch.uzh.ifi.seal.smr.soa.evaluation.comments.MainKt - [burmanm/compression-int] evaluation started
15:54:41.051 [main] INFO  ch.uzh.ifi.seal.smr.soa.evaluation.comments.MainKt - [cryptomator/siv-mode] evaluation started
15:54:41.111 [main] INFO  ch.uzh.ifi.seal.smr.soa.evaluation.comments.MainKt - [ecki/jmhbench-cryptospeed] evaluation started
15:54:41.149 [main] INFO  ch.uzh.ifi.seal.smr.soa.evaluation.comments.MainKt - [loxal/template] evaluation started
15:54:41.185 [main] INFO  ch.uzh.ifi.seal.smr.soa.evaluation.comments.MainKt - [robinst/microbenchmarks] evaluation started
15:54:41.233 [main] INFO  ch.uzh.ifi.seal.smr.soa.evaluation.comments.MainKt - [audit4j/audit4j-benchmarks] evaluation started
15:54:41.287 [main] INFO  ch.uzh.ifi.seal.smr.soa.evaluation.comments.MainKt - [bingoohuang/javacode-demo] evaluation started
15:54:41.510 [main] INFO  ch.uzh.ifi.seal.smr.soa.evaluation.comments.MainKt - [graphql-java/graphql-java] evaluation started
15:54:42.618 [main] INFO  ch.uzh.ifi.seal.smr.soa.evaluation.comments.MainKt - [HBTGmbH/java-propertyname] evaluation started
15:54:42.676 [main] INFO  ch.uzh.ifi.seal.smr.soa.evaluation.comments.MainKt - [ibodrov/bpm] evaluation started
15:54:42.860 [main] INFO  ch.uzh.ifi.seal.smr.soa.evaluation.comments.MainKt - [Lawrence-zxc/springStarter] evaluation started
15:54:42.976 [main] INFO  ch.uzh.ifi.seal.smr.soa.evaluation.comments.MainKt - [gdrouet/scanner-benchmark] evaluation started
15:54:43.008 [main] INFO  ch.uzh.ifi.seal.smr.soa.evaluation.comments.MainKt - [j-musca/kata08-conflicting-objectives] evaluation started
15:54:43.053 [main] INFO  ch.uzh.ifi.seal.smr.soa.evaluation.comments.MainKt - [peterszatmary/jmh-benchmark-demo] evaluation started
15:54:43.086 [main] INFO  ch.uzh.ifi.seal.smr.soa.evaluation.comments.MainKt - [jchambers/jeospatial] evaluation started
15:54:43.124 [main] INFO  ch.uzh.ifi.seal.smr.soa.evaluation.comments.MainKt - [cs-ester-peixoto/docker-jenkins] evaluation started
15:54:44.231 [main] INFO  ch.uzh.ifi.seal.smr.soa.evaluation.comments.MainKt - [dcapwell/jmh-tests] evaluation started
15:54:44.275 [main] INFO  ch.uzh.ifi.seal.smr.soa.evaluation.comments.MainKt - [ricdong/presto] evaluation started
15:54:48.454 [main] INFO  ch.uzh.ifi.seal.smr.soa.evaluation.comments.MainKt - [nitsanw/safepoint-experiments] evaluation started
15:54:48.497 [main] INFO  ch.uzh.ifi.seal.smr.soa.evaluation.comments.MainKt - [nesteant/java-tests] evaluation started
15:54:48.546 [main] INFO  ch.uzh.ifi.seal.smr.soa.evaluation.comments.MainKt - [Mercateo/reflection] evaluation started
15:54:48.583 [main] INFO  ch.uzh.ifi.seal.smr.soa.evaluation.comments.MainKt - [numenta/htm.java] evaluation started
15:54:49.410 [main] INFO  ch.uzh.ifi.seal.smr.soa.evaluation.comments.MainKt - [volodin-aa/openjdk-benchmark] evaluation started
15:54:49.451 [main] INFO  ch.uzh.ifi.seal.smr.soa.evaluation.comments.MainKt - [raydac/java-binary-block-parser] evaluation started
15:54:50.012 [main] INFO  ch.uzh.ifi.seal.smr.soa.evaluation.comments.MainKt - [acisternino/narjillos-math-bench] evaluation started
15:54:50.046 [main] INFO  ch.uzh.ifi.seal.smr.soa.evaluation.comments.MainKt - [rolve/better-checks] evaluation started
15:54:50.159 [main] INFO  ch.uzh.ifi.seal.smr.soa.evaluation.comments.MainKt - [mkosem/stringsplitting] evaluation started
15:54:50.191 [main] INFO  ch.uzh.ifi.seal.smr.soa.evaluation.comments.MainKt - [spotify/missinglink] evaluation started
15:54:50.303 [main] INFO  ch.uzh.ifi.seal.smr.soa.evaluation.comments.MainKt - [springside/springside4] evaluation started
15:54:50.618 [main] INFO  ch.uzh.ifi.seal.smr.soa.evaluation.comments.MainKt - [Swrve/rate-limited-logger] evaluation started
15:54:50.705 [main] INFO  ch.uzh.ifi.seal.smr.soa.evaluation.comments.MainKt - [asympro/CleanStringBuilderBenchmark] evaluation started
15:54:50.735 [main] INFO  ch.uzh.ifi.seal.smr.soa.evaluation.comments.MainKt - [takari/bpm] evaluation started
15:54:51.095 [main] INFO  ch.uzh.ifi.seal.smr.soa.evaluation.comments.MainKt - [m0wfo/false-sharing-demo] evaluation started
15:54:51.127 [main] INFO  ch.uzh.ifi.seal.smr.soa.evaluation.comments.MainKt - [Techcable/Event4J] evaluation started
15:54:51.175 [main] INFO  ch.uzh.ifi.seal.smr.soa.evaluation.comments.MainKt - [thejotta/CloudSimPlusModificado] evaluation started
15:54:52.050 [main] INFO  ch.uzh.ifi.seal.smr.soa.evaluation.comments.MainKt - [thesmythgroup/SiftXml] evaluation started
15:54:52.094 [main] INFO  ch.uzh.ifi.seal.smr.soa.evaluation.comments.MainKt - [uber/tchannel-java] evaluation started
15:54:52.354 [main] INFO  ch.uzh.ifi.seal.smr.soa.evaluation.comments.MainKt - [user405/test] evaluation started
15:54:52.967 [main] INFO  ch.uzh.ifi.seal.smr.soa.evaluation.comments.MainKt - [rgorodischer/microbenchmarks] evaluation started
15:54:53.000 [main] INFO  ch.uzh.ifi.seal.smr.soa.evaluation.comments.MainKt - [iNikem/clean] evaluation started
15:54:53.037 [main] INFO  ch.uzh.ifi.seal.smr.soa.evaluation.comments.MainKt - [CodeFX-org/lab-java8streamperformancebenchmark] evaluation started
15:54:53.050 [main] INFO  ch.uzh.ifi.seal.smr.soa.evaluation.comments.MainKt - [cscotta/fastdtw] evaluation started
15:54:53.114 [main] INFO  ch.uzh.ifi.seal.smr.soa.evaluation.comments.MainKt - [aitusoftware/flute] evaluation started
15:54:53.305 [main] INFO  ch.uzh.ifi.seal.smr.soa.evaluation.comments.MainKt - [psiroky/jmh-java-benchmarks] evaluation started
15:54:53.348 [main] INFO  ch.uzh.ifi.seal.smr.soa.evaluation.comments.MainKt - [rebornwhu/java-8-lambdas-exercises] evaluation started
15:54:53.522 [main] INFO  ch.uzh.ifi.seal.smr.soa.evaluation.comments.MainKt - [aNNiMON/Own-Programming-Language-Tutorial] evaluation started
15:54:53.906 [main] INFO  ch.uzh.ifi.seal.smr.soa.evaluation.comments.MainKt - [apache/directory-kerby] evaluation started
15:54:55.614 [main] INFO  ch.uzh.ifi.seal.smr.soa.evaluation.comments.MainKt - [afdw/fastcloud] evaluation started
15:54:55.672 [main] INFO  ch.uzh.ifi.seal.smr.soa.evaluation.comments.MainKt - [tobijdc/PRNG-Performance] evaluation started
15:54:55.709 [main] INFO  ch.uzh.ifi.seal.smr.soa.evaluation.comments.MainKt - [ennerf/flatbuffers-java-benchmark] evaluation started
15:54:55.813 [main] INFO  ch.uzh.ifi.seal.smr.soa.evaluation.comments.MainKt - [gvsmirnov/jmh-gradle-sample] evaluation started
15:54:55.841 [main] INFO  ch.uzh.ifi.seal.smr.soa.evaluation.comments.MainKt - [nithril/sandbox-query-benchmark-jooq-hibernate-jdbc] evaluation started
15:54:55.902 [main] INFO  ch.uzh.ifi.seal.smr.soa.evaluation.comments.MainKt - [bingoohuang/westcache] evaluation started
15:54:56.061 [main] INFO  ch.uzh.ifi.seal.smr.soa.evaluation.comments.MainKt - [cglib/cglib] evaluation started
15:54:56.354 [main] INFO  ch.uzh.ifi.seal.smr.soa.evaluation.comments.MainKt - [codahale/longmapper] evaluation started
15:54:56.384 [main] INFO  ch.uzh.ifi.seal.smr.soa.evaluation.comments.MainKt - [codahale/shamir] evaluation started
15:54:56.424 [main] INFO  ch.uzh.ifi.seal.smr.soa.evaluation.comments.MainKt - [DanielThomas/spring-boot-starter-netty] evaluation started
15:54:56.491 [main] INFO  ch.uzh.ifi.seal.smr.soa.evaluation.comments.MainKt - [dcapwell/collections] evaluation started
15:54:56.536 [main] INFO  ch.uzh.ifi.seal.smr.soa.evaluation.comments.MainKt - [davidmoten/geo] evaluation started
15:54:56.600 [main] INFO  ch.uzh.ifi.seal.smr.soa.evaluation.comments.MainKt - [davidmoten/rxjava-jdbc] evaluation started
15:54:56.768 [main] INFO  ch.uzh.ifi.seal.smr.soa.evaluation.comments.MainKt - [arturotena/ExperimentalStuff] evaluation started
15:54:56.800 [main] INFO  ch.uzh.ifi.seal.smr.soa.evaluation.comments.MainKt - [gAmUssA/hazelcast-mongo-experiments] evaluation started
15:54:56.842 [main] INFO  ch.uzh.ifi.seal.smr.soa.evaluation.comments.MainKt - [nightzero/java8lambdas] evaluation started
15:54:57.017 [main] INFO  ch.uzh.ifi.seal.smr.soa.evaluation.comments.MainKt - [ESAPI/esapi-java-legacy] evaluation started
15:54:57.631 [main] INFO  ch.uzh.ifi.seal.smr.soa.evaluation.comments.MainKt - [taojiaenx/netty-source-study] evaluation started
15:54:59.826 [main] INFO  ch.uzh.ifi.seal.smr.soa.evaluation.comments.MainKt - [planetsizebrain/stringbundler-tests] evaluation started
15:54:59.863 [main] INFO  ch.uzh.ifi.seal.smr.soa.evaluation.comments.MainKt - [srvaroa/jbcnconf] evaluation started
15:54:59.924 [main] INFO  ch.uzh.ifi.seal.smr.soa.evaluation.comments.MainKt - [ThomasKrieger/benchmarks] evaluation started
15:54:59.965 [main] INFO  ch.uzh.ifi.seal.smr.soa.evaluation.comments.MainKt - [Hanmourang/Pinot] evaluation started
15:55:02.518 [main] INFO  ch.uzh.ifi.seal.smr.soa.evaluation.comments.MainKt - [HansBrende/f8] evaluation started
15:55:02.585 [main] INFO  ch.uzh.ifi.seal.smr.soa.evaluation.comments.MainKt - [elbek/ir] evaluation started
15:55:02.685 [main] INFO  ch.uzh.ifi.seal.smr.soa.evaluation.comments.MainKt - [iok1979/test] evaluation started
15:55:02.761 [main] INFO  ch.uzh.ifi.seal.smr.soa.evaluation.comments.MainKt - [amoAHCP/Java8LunchSchool] evaluation started
15:55:02.851 [main] INFO  ch.uzh.ifi.seal.smr.soa.evaluation.comments.MainKt - [joyent/java-manta] evaluation started
15:55:03.537 [main] INFO  ch.uzh.ifi.seal.smr.soa.evaluation.comments.MainKt - [json-iterator/java] evaluation started
15:55:03.956 [main] INFO  ch.uzh.ifi.seal.smr.soa.evaluation.comments.MainKt - [jayjaykim/jmh-sample] evaluation started
15:55:03.987 [main] INFO  ch.uzh.ifi.seal.smr.soa.evaluation.comments.MainKt - [TechEmpower/misc] evaluation started
15:55:04.087 [main] INFO  ch.uzh.ifi.seal.smr.soa.evaluation.comments.MainKt - [konik-io/itext-carriage] evaluation started
15:55:04.122 [main] INFO  ch.uzh.ifi.seal.smr.soa.evaluation.comments.MainKt - [konik-io/konik] evaluation started
15:55:04.526 [main] INFO  ch.uzh.ifi.seal.smr.soa.evaluation.comments.MainKt - [konik-io/pdfbox-carriage] evaluation started
15:55:04.572 [main] INFO  ch.uzh.ifi.seal.smr.soa.evaluation.comments.MainKt - [akarnokd/ReactiveChannel] evaluation started
15:55:04.630 [main] INFO  ch.uzh.ifi.seal.smr.soa.evaluation.comments.MainKt - [escalate42/Javaz-Benchmarks] evaluation started
15:55:04.658 [main] INFO  ch.uzh.ifi.seal.smr.soa.evaluation.comments.MainKt - [nithril/packedobject-test] evaluation started
15:55:04.690 [main] INFO  ch.uzh.ifi.seal.smr.soa.evaluation.comments.MainKt - [Mercateo/json-schema] evaluation started
15:55:04.754 [main] INFO  ch.uzh.ifi.seal.smr.soa.evaluation.comments.MainKt - [Mercateo/rest-schemagen] evaluation started
15:55:04.982 [main] INFO  ch.uzh.ifi.seal.smr.soa.evaluation.comments.MainKt - [mweirauch/micrometer-jvm-extras] evaluation started
15:55:05.037 [main] INFO  ch.uzh.ifi.seal.smr.soa.evaluation.comments.MainKt - [Netflix/servo] evaluation started
15:55:05.379 [main] INFO  ch.uzh.ifi.seal.smr.soa.evaluation.comments.MainKt - [netzwerg/paleo] evaluation started
15:55:05.460 [main] INFO  ch.uzh.ifi.seal.smr.soa.evaluation.comments.MainKt - [joekearney/string-search-bench] evaluation started
15:55:05.496 [main] INFO  ch.uzh.ifi.seal.smr.soa.evaluation.comments.MainKt - [nom-tam-fits/nom-tam-fits] evaluation started
15:55:06.267 [main] INFO  ch.uzh.ifi.seal.smr.soa.evaluation.comments.MainKt - [SerCeMan/reflection-access-tests] evaluation started
15:55:06.300 [main] INFO  ch.uzh.ifi.seal.smr.soa.evaluation.comments.MainKt - [peptos/traffic-shm] evaluation started
15:55:06.353 [main] INFO  ch.uzh.ifi.seal.smr.soa.evaluation.comments.MainKt - [leeyikjiun/blog] evaluation started
15:55:06.399 [main] INFO  ch.uzh.ifi.seal.smr.soa.evaluation.comments.MainKt - [PhantomThief/more-lambdas-java] evaluation started
15:55:06.497 [main] INFO  ch.uzh.ifi.seal.smr.soa.evaluation.comments.MainKt - [PhantomThief/simple-failover-java] evaluation started
15:55:06.587 [main] INFO  ch.uzh.ifi.seal.smr.soa.evaluation.comments.MainKt - [xzy256/grpc-java-mips64] evaluation started
15:55:08.112 [main] INFO  ch.uzh.ifi.seal.smr.soa.evaluation.comments.MainKt - [rabbitmq/rabbitmq-perf-test] evaluation started
15:55:08.314 [main] INFO  ch.uzh.ifi.seal.smr.soa.evaluation.comments.MainKt - [reaktivity/nukleus-tcp.java] evaluation started
15:55:08.421 [main] INFO  ch.uzh.ifi.seal.smr.soa.evaluation.comments.MainKt - [relayrides/pushy] evaluation started
15:55:08.595 [main] INFO  ch.uzh.ifi.seal.smr.soa.evaluation.comments.MainKt - [runidle/runidle-testing] evaluation started
15:55:08.665 [main] INFO  ch.uzh.ifi.seal.smr.soa.evaluation.comments.MainKt - [requery/requery] evaluation started
15:55:09.336 [main] INFO  ch.uzh.ifi.seal.smr.soa.evaluation.comments.MainKt - [tkowalcz/openjdk-jmh] evaluation started
15:55:09.369 [main] INFO  ch.uzh.ifi.seal.smr.soa.evaluation.comments.MainKt - [rodolfodpk/myeslib2] evaluation started
15:55:09.476 [main] INFO  ch.uzh.ifi.seal.smr.soa.evaluation.comments.MainKt - [rsby/gunmetal] evaluation started
15:55:09.667 [main] INFO  ch.uzh.ifi.seal.smr.soa.evaluation.comments.MainKt - [sangupta/gather] evaluation started
15:55:09.750 [main] INFO  ch.uzh.ifi.seal.smr.soa.evaluation.comments.MainKt - [Ajeet-Ganga/howToGuide] evaluation started
15:55:09.779 [main] INFO  ch.uzh.ifi.seal.smr.soa.evaluation.comments.MainKt - [wesamhaboush/furmat] evaluation started
15:55:09.818 [main] INFO  ch.uzh.ifi.seal.smr.soa.evaluation.comments.MainKt - [svenruppert/rapidpm-microservice] evaluation started
15:55:10.014 [main] INFO  ch.uzh.ifi.seal.smr.soa.evaluation.comments.MainKt - [blalasaadri/junit-lambda-benchmark] evaluation started
15:55:10.047 [main] INFO  ch.uzh.ifi.seal.smr.soa.evaluation.comments.MainKt - [twitter/hpack] evaluation started
15:55:10.109 [main] INFO  ch.uzh.ifi.seal.smr.soa.evaluation.comments.MainKt - [jjenkov/iap-tools-java-benchmarks] evaluation started
15:55:10.253 [main] INFO  ch.uzh.ifi.seal.smr.soa.evaluation.comments.MainKt - [kaustubh-walokar/grpc-poll-service] evaluation started
15:55:13.500 [main] INFO  ch.uzh.ifi.seal.smr.soa.evaluation.comments.MainKt - [waffle/waffle] evaluation started
15:55:13.780 [main] INFO  ch.uzh.ifi.seal.smr.soa.evaluation.comments.MainKt - [abstools/timsort-benchmark] evaluation started
15:55:13.863 [main] INFO  ch.uzh.ifi.seal.smr.soa.evaluation.comments.MainKt - [manhcuongkd/blynk-server] evaluation started
15:55:14.726 [main] INFO  ch.uzh.ifi.seal.smr.soa.evaluation.comments.MainKt - [alexo/spinner] evaluation started
15:55:14.768 [main] INFO  ch.uzh.ifi.seal.smr.soa.evaluation.comments.MainKt - [andrey-vasilyev/gosthash] evaluation started
15:55:14.815 [main] INFO  ch.uzh.ifi.seal.smr.soa.evaluation.comments.MainKt - [apptik/JustJson] evaluation started
15:55:15.068 [main] INFO  ch.uzh.ifi.seal.smr.soa.evaluation.comments.MainKt - [drankye/bufferalloc] evaluation started
15:55:15.114 [main] INFO  ch.uzh.ifi.seal.smr.soa.evaluation.comments.MainKt - [ThreeTen/threeten-bench] evaluation started
15:55:15.150 [main] INFO  ch.uzh.ifi.seal.smr.soa.evaluation.comments.MainKt - [bckfnn/taggersty] evaluation started
15:55:15.364 [main] INFO  ch.uzh.ifi.seal.smr.soa.evaluation.comments.MainKt - [irobertson/invokedynamic-talk-code] evaluation started
15:55:15.419 [main] INFO  ch.uzh.ifi.seal.smr.soa.evaluation.comments.MainKt - [bensteinert/chromarenderer-java] evaluation started
15:55:15.571 [main] INFO  ch.uzh.ifi.seal.smr.soa.evaluation.comments.MainKt - [bingoohuang/eql] evaluation started
15:55:16.074 [main] INFO  ch.uzh.ifi.seal.smr.soa.evaluation.comments.MainKt - [jmiettinen/jradixheap] evaluation started
15:55:16.119 [main] INFO  ch.uzh.ifi.seal.smr.soa.evaluation.comments.MainKt - [hhu-stups/bmoth] evaluation started
15:55:16.539 [main] INFO  ch.uzh.ifi.seal.smr.soa.evaluation.comments.MainKt - [jharting/weld-collections-benchmark] evaluation started
15:55:16.585 [main] INFO  ch.uzh.ifi.seal.smr.soa.evaluation.comments.MainKt - [canepat/Helios] evaluation started
15:55:16.714 [main] INFO  ch.uzh.ifi.seal.smr.soa.evaluation.comments.MainKt - [codahale/usl4j] evaluation started
15:55:16.761 [main] INFO  ch.uzh.ifi.seal.smr.soa.evaluation.comments.MainKt - [dafei1288/max] evaluation started
15:55:16.937 [main] INFO  ch.uzh.ifi.seal.smr.soa.evaluation.comments.MainKt - [ipogudin/examples] evaluation started
15:55:16.988 [main] INFO  ch.uzh.ifi.seal.smr.soa.evaluation.comments.MainKt - [davidmoten/rxjava2-http] evaluation started
15:55:17.079 [main] INFO  ch.uzh.ifi.seal.smr.soa.evaluation.comments.MainKt - [davidmoten/rxjava-extras] evaluation started
15:55:17.387 [main] INFO  ch.uzh.ifi.seal.smr.soa.evaluation.comments.MainKt - [davidmoten/word-wrap] evaluation started
15:55:17.434 [main] INFO  ch.uzh.ifi.seal.smr.soa.evaluation.comments.MainKt - [Codearte/duramen] evaluation started
15:55:17.485 [main] INFO  ch.uzh.ifi.seal.smr.soa.evaluation.comments.MainKt - [dimagi/commcare-core] evaluation started
15:55:18.453 [main] INFO  ch.uzh.ifi.seal.smr.soa.evaluation.comments.MainKt - [dmart28/reveno] evaluation started
15:55:18.752 [main] INFO  ch.uzh.ifi.seal.smr.soa.evaluation.comments.MainKt - [IRus/Instanceof-vs-Try-Catch] evaluation started
15:55:18.783 [main] INFO  ch.uzh.ifi.seal.smr.soa.evaluation.comments.MainKt - [stagemonitor/stagemonitor] evaluation started
15:55:19.461 [main] INFO  ch.uzh.ifi.seal.smr.soa.evaluation.comments.MainKt - [eternita/frontcache] evaluation started
15:55:19.740 [main] INFO  ch.uzh.ifi.seal.smr.soa.evaluation.comments.MainKt - [jfaleiro/keyvalue] evaluation started
15:55:19.774 [main] INFO  ch.uzh.ifi.seal.smr.soa.evaluation.comments.MainKt - [graalvm/mx] evaluation started
15:55:19.864 [main] INFO  ch.uzh.ifi.seal.smr.soa.evaluation.comments.MainKt - [GumTreeDiff/gumtree] evaluation started
15:55:20.193 [main] INFO  ch.uzh.ifi.seal.smr.soa.evaluation.comments.MainKt - [hawkular/hawkular-metrics] evaluation started
15:55:20.780 [main] INFO  ch.uzh.ifi.seal.smr.soa.evaluation.comments.MainKt - [ashishbende/RPC-API] evaluation started
15:55:24.262 [main] INFO  ch.uzh.ifi.seal.smr.soa.evaluation.comments.MainKt - [jchambers/java-otp] evaluation started
15:55:24.293 [main] INFO  ch.uzh.ifi.seal.smr.soa.evaluation.comments.MainKt - [j-easy/easy-batch] evaluation started
15:55:24.748 [main] INFO  ch.uzh.ifi.seal.smr.soa.evaluation.comments.MainKt - [msteindorfer/oopsla15-artifact] evaluation started
15:55:25.701 [main] INFO  ch.uzh.ifi.seal.smr.soa.evaluation.comments.MainKt - [junkdog/artemis-odb] evaluation started
15:55:26.305 [main] INFO  ch.uzh.ifi.seal.smr.soa.evaluation.comments.MainKt - [kgilmer/XMLObjectIterable] evaluation started
15:55:26.363 [main] INFO  ch.uzh.ifi.seal.smr.soa.evaluation.comments.MainKt - [kpavlov/fixio] evaluation started
15:55:26.531 [main] INFO  ch.uzh.ifi.seal.smr.soa.evaluation.comments.MainKt - [kvnxiao/kommandant] evaluation started
15:55:26.584 [main] INFO  ch.uzh.ifi.seal.smr.soa.evaluation.comments.MainKt - [debop/debop4k] evaluation started
15:55:27.340 [main] INFO  ch.uzh.ifi.seal.smr.soa.evaluation.comments.MainKt - [davidhagar-zz/java-microbenchmarks] evaluation started
15:55:27.379 [main] INFO  ch.uzh.ifi.seal.smr.soa.evaluation.comments.MainKt - [rafamonteiro/SerializationProtocolsBenchMark] evaluation started
15:55:27.452 [main] INFO  ch.uzh.ifi.seal.smr.soa.evaluation.comments.MainKt - [marcelmay/hadoop-hdfs-fsimage-exporter] evaluation started
15:55:27.511 [main] INFO  ch.uzh.ifi.seal.smr.soa.evaluation.comments.MainKt - [marklogic/marklogic-jena] evaluation started
15:55:27.626 [main] INFO  ch.uzh.ifi.seal.smr.soa.evaluation.comments.MainKt - [marklogic/marklogic-sesame] evaluation started
15:55:27.825 [main] INFO  ch.uzh.ifi.seal.smr.soa.evaluation.comments.MainKt - [jad7/AtomicIncrementBenchmark] evaluation started
15:55:27.859 [main] INFO  ch.uzh.ifi.seal.smr.soa.evaluation.comments.MainKt - [gpanther/lychrel-numbers] evaluation started
15:55:27.904 [main] INFO  ch.uzh.ifi.seal.smr.soa.evaluation.comments.MainKt - [haozhun/regexp-bench] evaluation started
15:55:27.936 [main] INFO  ch.uzh.ifi.seal.smr.soa.evaluation.comments.MainKt - [britter/to-array-benchmark] evaluation started
15:55:27.966 [main] INFO  ch.uzh.ifi.seal.smr.soa.evaluation.comments.MainKt - [myzhan/locust4j] evaluation started
15:55:28.049 [main] INFO  ch.uzh.ifi.seal.smr.soa.evaluation.comments.MainKt - [josegom/training] evaluation started
15:55:28.901 [main] INFO  ch.uzh.ifi.seal.smr.soa.evaluation.comments.MainKt - [notsyncing/lightfur] evaluation started
15:55:29.098 [main] INFO  ch.uzh.ifi.seal.smr.soa.evaluation.comments.MainKt - [paninij/paninij] evaluation started
15:55:29.664 [main] INFO  ch.uzh.ifi.seal.smr.soa.evaluation.comments.MainKt - [pantsbuild/pants] evaluation started
15:55:30.291 [main] INFO  ch.uzh.ifi.seal.smr.soa.evaluation.comments.MainKt - [patrickfav/bytes-java] evaluation started
15:55:30.447 [main] INFO  ch.uzh.ifi.seal.smr.soa.evaluation.comments.MainKt - [restfb/restfb-benchmark] evaluation started
15:55:30.479 [main] INFO  ch.uzh.ifi.seal.smr.soa.evaluation.comments.MainKt - [platan/idea-gradle-dependencies-formatter] evaluation started
15:55:30.541 [main] INFO  ch.uzh.ifi.seal.smr.soa.evaluation.comments.MainKt - [ReactiveX/RxGroovy] evaluation started
15:55:30.582 [main] INFO  ch.uzh.ifi.seal.smr.soa.evaluation.comments.MainKt - [rerorero/oleoleflake] evaluation started
15:55:30.654 [main] INFO  ch.uzh.ifi.seal.smr.soa.evaluation.comments.MainKt - [rmpestano/cukedoctor] evaluation started
15:55:30.856 [main] INFO  ch.uzh.ifi.seal.smr.soa.evaluation.comments.MainKt - [robinst/autolink-java] evaluation started
15:55:30.908 [main] INFO  ch.uzh.ifi.seal.smr.soa.evaluation.comments.MainKt - [witi83/jmh-streams] evaluation started
15:55:30.942 [main] INFO  ch.uzh.ifi.seal.smr.soa.evaluation.comments.MainKt - [yshahun/probabilistic-util] evaluation started
15:55:30.988 [main] INFO  ch.uzh.ifi.seal.smr.soa.evaluation.comments.MainKt - [akashche/tzdata-jmh] evaluation started
15:55:31.032 [main] INFO  ch.uzh.ifi.seal.smr.soa.evaluation.comments.MainKt - [ericmoshare/uid-generator] evaluation started
15:55:31.095 [main] INFO  ch.uzh.ifi.seal.smr.soa.evaluation.comments.MainKt - [smoketurner/uploader] evaluation started
15:55:31.169 [main] INFO  ch.uzh.ifi.seal.smr.soa.evaluation.comments.MainKt - [spotify/apollo] evaluation started
15:55:31.644 [main] INFO  ch.uzh.ifi.seal.smr.soa.evaluation.comments.MainKt - [spriet2000/handlers] evaluation started
15:55:31.680 [main] INFO  ch.uzh.ifi.seal.smr.soa.evaluation.comments.MainKt - [Squarespace/less-compiler] evaluation started
15:55:32.097 [main] INFO  ch.uzh.ifi.seal.smr.soa.evaluation.comments.MainKt - [irobertson/StringBuilderInvokeDynamicBenchmark] evaluation started
15:55:32.135 [main] INFO  ch.uzh.ifi.seal.smr.soa.evaluation.comments.MainKt - [snikiforov4/try-geolocation] evaluation started
15:55:32.188 [main] INFO  ch.uzh.ifi.seal.smr.soa.evaluation.comments.MainKt - [maximenajim/nashorn-react-jmh-microbenchmark] evaluation started
15:55:32.223 [main] INFO  ch.uzh.ifi.seal.smr.soa.evaluation.comments.MainKt - [mox601/mybatis-pool-jmh] evaluation started
15:55:32.261 [main] INFO  ch.uzh.ifi.seal.smr.soa.evaluation.comments.MainKt - [titorenko/quick-csv-streamer] evaluation started
15:55:32.402 [main] INFO  ch.uzh.ifi.seal.smr.soa.evaluation.comments.MainKt - [jon-hanson/funcj] evaluation started
15:55:33.321 [main] INFO  ch.uzh.ifi.seal.smr.soa.evaluation.comments.MainKt - [udoprog/scribe] evaluation started
15:55:33.614 [main] INFO  ch.uzh.ifi.seal.smr.soa.evaluation.comments.MainKt - [nobeh/jmh-forked-main-threads] evaluation started
15:55:33.654 [main] INFO  ch.uzh.ifi.seal.smr.soa.evaluation.comments.MainKt - [xm-king/netty-research] evaluation started
15:55:35.790 [main] INFO  ch.uzh.ifi.seal.smr.soa.evaluation.comments.MainKt - [wallerlab/yoink] evaluation started
15:55:36.654 [main] INFO  ch.uzh.ifi.seal.smr.soa.evaluation.comments.MainKt - [Workiva/frugal] evaluation started
15:55:37.863 [main] INFO  ch.uzh.ifi.seal.smr.soa.evaluation.comments.MainKt - [wotifgroup/wotif-logutils] evaluation started
15:55:37.895 [main] INFO  ch.uzh.ifi.seal.smr.soa.evaluation.comments.MainKt - [taichi/json-benchmarks] evaluation started
15:55:37.954 [main] INFO  ch.uzh.ifi.seal.smr.soa.evaluation.comments.MainKt - [a-hansen/alog] evaluation started
15:55:38.002 [main] INFO  ch.uzh.ifi.seal.smr.soa.evaluation.comments.MainKt - [alibaba/druid] evaluation started
15:55:44.965 [main] INFO  ch.uzh.ifi.seal.smr.soa.evaluation.comments.MainKt - [Sandyarathi/Lab2gRPC] evaluation started
15:55:48.169 [main] INFO  ch.uzh.ifi.seal.smr.soa.evaluation.comments.MainKt - [fpavageau/bench-filters] evaluation started
15:55:48.197 [main] INFO  ch.uzh.ifi.seal.smr.soa.evaluation.comments.MainKt - [apache/activemq-artemis] evaluation started
15:55:58.373 [main] INFO  ch.uzh.ifi.seal.smr.soa.evaluation.comments.MainKt - [apache/beam] evaluation started
15:56:13.116 [main] INFO  ch.uzh.ifi.seal.smr.soa.evaluation.comments.MainKt - [cschenyuan/hive-hack] evaluation started
15:56:27.651 [main] INFO  ch.uzh.ifi.seal.smr.soa.evaluation.comments.MainKt - [biboudis/jmh-profilers] evaluation started
15:56:27.679 [main] INFO  ch.uzh.ifi.seal.smr.soa.evaluation.comments.MainKt - [tweakers-dev/objectpool-benchmarks] evaluation started
15:56:27.717 [main] INFO  ch.uzh.ifi.seal.smr.soa.evaluation.comments.MainKt - [mikeb01/scratch] evaluation started
15:56:27.764 [main] INFO  ch.uzh.ifi.seal.smr.soa.evaluation.comments.MainKt - [magneticflux-/gridsim] evaluation started
15:56:27.808 [main] INFO  ch.uzh.ifi.seal.smr.soa.evaluation.comments.MainKt - [taichi/jmh-gradle-ide] evaluation started
15:56:27.833 [main] INFO  ch.uzh.ifi.seal.smr.soa.evaluation.comments.MainKt - [basho-labs/java-client-bench] evaluation started
15:56:27.862 [main] INFO  ch.uzh.ifi.seal.smr.soa.evaluation.comments.MainKt - [codahale/common-pom] evaluation started
15:56:27.872 [main] INFO  ch.uzh.ifi.seal.smr.soa.evaluation.comments.MainKt - [gpanther/regex-libraries-benchmarks] evaluation started
15:56:27.907 [main] INFO  ch.uzh.ifi.seal.smr.soa.evaluation.comments.MainKt - [maxdemarzi/neo_dislikes] evaluation started
15:56:27.944 [main] INFO  ch.uzh.ifi.seal.smr.soa.evaluation.comments.MainKt - [dabla/parallel-iterable] evaluation started
15:56:27.993 [main] INFO  ch.uzh.ifi.seal.smr.soa.evaluation.comments.MainKt - [rnc/jmh-benchmarks] evaluation started
15:56:28.022 [main] INFO  ch.uzh.ifi.seal.smr.soa.evaluation.comments.MainKt - [davidmoten/bigsort] evaluation started
15:56:28.064 [main] INFO  ch.uzh.ifi.seal.smr.soa.evaluation.comments.MainKt - [davidmoten/big-sorter] evaluation started
15:56:28.120 [main] INFO  ch.uzh.ifi.seal.smr.soa.evaluation.comments.MainKt - [davidmoten/sparse-hilbert-index] evaluation started
15:56:28.179 [main] INFO  ch.uzh.ifi.seal.smr.soa.evaluation.comments.MainKt - [Devexperts/aprof] evaluation started
15:56:28.314 [main] INFO  ch.uzh.ifi.seal.smr.soa.evaluation.comments.MainKt - [Devexperts/lin-check] evaluation started
15:56:28.665 [main] INFO  ch.uzh.ifi.seal.smr.soa.evaluation.comments.MainKt - [reactiverse/reactive-pg-client] evaluation started
15:56:29.255 [main] INFO  ch.uzh.ifi.seal.smr.soa.evaluation.comments.MainKt - [SerCeMan/jmh-spring] evaluation started
15:56:29.286 [main] INFO  ch.uzh.ifi.seal.smr.soa.evaluation.comments.MainKt - [amoAHCP/JavaOne2015JavaFXPitfalls] evaluation started
15:56:29.348 [main] INFO  ch.uzh.ifi.seal.smr.soa.evaluation.comments.MainKt - [cheremin/fastlogger] evaluation started
15:56:29.441 [main] INFO  ch.uzh.ifi.seal.smr.soa.evaluation.comments.MainKt - [fpavageau/bench-for-name] evaluation started
15:56:29.474 [main] INFO  ch.uzh.ifi.seal.smr.soa.evaluation.comments.MainKt - [Gilandel/utils] evaluation started
15:56:29.486 [main] INFO  ch.uzh.ifi.seal.smr.soa.evaluation.comments.MainKt - [nicoulaj/microbenchmarks] evaluation started
15:56:29.531 [main] INFO  ch.uzh.ifi.seal.smr.soa.evaluation.comments.MainKt - [meghana0507/grpc-java-poll] evaluation started
15:56:38.556 [main] INFO  ch.uzh.ifi.seal.smr.soa.evaluation.comments.MainKt - [hekate-io/hekate] evaluation started
15:56:40.778 [main] INFO  ch.uzh.ifi.seal.smr.soa.evaluation.comments.MainKt - [lhyqie/rtree] evaluation started
15:56:40.919 [main] INFO  ch.uzh.ifi.seal.smr.soa.evaluation.comments.MainKt - [alexingcool/presto] evaluation started
15:56:45.491 [main] INFO  ch.uzh.ifi.seal.smr.soa.evaluation.comments.MainKt - [javolution/javolution] evaluation started
15:56:46.077 [main] INFO  ch.uzh.ifi.seal.smr.soa.evaluation.comments.MainKt - [jdereg/json-io] evaluation started
15:56:46.207 [main] INFO  ch.uzh.ifi.seal.smr.soa.evaluation.comments.MainKt - [JeremyLWright/euler] evaluation started
15:56:46.225 [main] INFO  ch.uzh.ifi.seal.smr.soa.evaluation.comments.MainKt - [Lessnic/CAISS] evaluation started
15:56:46.386 [main] INFO  ch.uzh.ifi.seal.smr.soa.evaluation.comments.MainKt - [johnaimes1a/f1x] evaluation started
15:56:46.962 [main] INFO  ch.uzh.ifi.seal.smr.soa.evaluation.comments.MainKt - [TU-Berlin-SNET/tresor-pdp-caching] evaluation started
15:56:47.475 [main] INFO  ch.uzh.ifi.seal.smr.soa.evaluation.comments.MainKt - [krenfro/fannj] evaluation started
15:56:47.520 [main] INFO  ch.uzh.ifi.seal.smr.soa.evaluation.comments.MainKt - [ktoso/sbt-jmh] evaluation started
15:56:47.582 [main] INFO  ch.uzh.ifi.seal.smr.soa.evaluation.comments.MainKt - [linkedin/parseq] evaluation started
15:56:48.584 [main] INFO  ch.uzh.ifi.seal.smr.soa.evaluation.comments.MainKt - [LucasPickering/terra] evaluation started
15:56:48.715 [main] INFO  ch.uzh.ifi.seal.smr.soa.evaluation.comments.MainKt - [SoatGroup/benchamrk-lambda] evaluation started
15:56:48.760 [main] INFO  ch.uzh.ifi.seal.smr.soa.evaluation.comments.MainKt - [lusis/dropwizard-pom] evaluation started
15:56:48.774 [main] INFO  ch.uzh.ifi.seal.smr.soa.evaluation.comments.MainKt - [marschall/lists] evaluation started
15:56:48.844 [main] INFO  ch.uzh.ifi.seal.smr.soa.evaluation.comments.MainKt - [marschall/mini-csv] evaluation started
15:56:48.893 [main] INFO  ch.uzh.ifi.seal.smr.soa.evaluation.comments.MainKt - [epickrram/benchmark] evaluation started
15:56:48.938 [main] INFO  ch.uzh.ifi.seal.smr.soa.evaluation.comments.MainKt - [artspb/javax-mail-pool] evaluation started
15:56:48.993 [main] INFO  ch.uzh.ifi.seal.smr.soa.evaluation.comments.MainKt - [MovingBlocks/gestalt] evaluation started
15:56:49.521 [main] INFO  ch.uzh.ifi.seal.smr.soa.evaluation.comments.MainKt - [neowu/core-ng-project] evaluation started
15:56:50.429 [main] INFO  ch.uzh.ifi.seal.smr.soa.evaluation.comments.MainKt - [netflix/atlas] evaluation started
15:56:50.555 [main] INFO  ch.uzh.ifi.seal.smr.soa.evaluation.comments.MainKt - [dmnlukasik/java-8-concurrency-updates] evaluation started
15:56:50.605 [main] INFO  ch.uzh.ifi.seal.smr.soa.evaluation.comments.MainKt - [hmarchadour/EasyCDO] evaluation started
15:56:50.681 [main] INFO  ch.uzh.ifi.seal.smr.soa.evaluation.comments.MainKt - [notsyncing/cowherd] evaluation started
15:56:50.895 [main] INFO  ch.uzh.ifi.seal.smr.soa.evaluation.comments.MainKt - [witi83/jmh-primitive-data-types] evaluation started
15:56:50.926 [main] INFO  ch.uzh.ifi.seal.smr.soa.evaluation.comments.MainKt - [OpenCubicChunks/CubicChunks] evaluation started
15:56:51.450 [main] INFO  ch.uzh.ifi.seal.smr.soa.evaluation.comments.MainKt - [OpenHFT/Chronicle-Queue] evaluation started
15:56:52.091 [main] INFO  ch.uzh.ifi.seal.smr.soa.evaluation.comments.MainKt - [enisher/polymorphic-calls-benchmark] evaluation started
15:56:52.127 [main] INFO  ch.uzh.ifi.seal.smr.soa.evaluation.comments.MainKt - [orientechnologies/orientdb] evaluation started
15:57:01.939 [main] INFO  ch.uzh.ifi.seal.smr.soa.evaluation.comments.MainKt - [pgjdbc/pgjdbc] evaluation started
15:57:02.832 [main] INFO  ch.uzh.ifi.seal.smr.soa.evaluation.comments.MainKt - [epickrram/lock-benchmark] evaluation started
15:57:02.858 [main] INFO  ch.uzh.ifi.seal.smr.soa.evaluation.comments.MainKt - [kawasima/copyfile-benchmark] evaluation started
15:57:02.884 [main] INFO  ch.uzh.ifi.seal.smr.soa.evaluation.comments.MainKt - [rayrobdod/deductionTactics] evaluation started
15:57:02.905 [main] INFO  ch.uzh.ifi.seal.smr.soa.evaluation.comments.MainKt - [elliottneilclark/time-test] evaluation started
15:57:02.928 [main] INFO  ch.uzh.ifi.seal.smr.soa.evaluation.comments.MainKt - [gorkem/js-parser-benchmarks] evaluation started
15:57:02.963 [main] INFO  ch.uzh.ifi.seal.smr.soa.evaluation.comments.MainKt - [arnaudroger/jmh-exp] evaluation started
15:57:02.986 [main] INFO  ch.uzh.ifi.seal.smr.soa.evaluation.comments.MainKt - [RuedigerMoeller/fast-serialization] evaluation started
15:57:03.374 [main] INFO  ch.uzh.ifi.seal.smr.soa.evaluation.comments.MainKt - [belliottsmith/injector] evaluation started
15:57:03.425 [main] INFO  ch.uzh.ifi.seal.smr.soa.evaluation.comments.MainKt - [scalecube/scalecube] evaluation started
15:57:03.650 [main] INFO  ch.uzh.ifi.seal.smr.soa.evaluation.comments.MainKt - [SemaiCZE/jmh_spl-maven-plugin] evaluation started
15:57:03.684 [main] INFO  ch.uzh.ifi.seal.smr.soa.evaluation.comments.MainKt - [BunnyWei/truffle-llvmir] evaluation started
15:57:23.328 [main] INFO  ch.uzh.ifi.seal.smr.soa.evaluation.comments.MainKt - [henri-tremblay/microbenchmarkingwithjmh] evaluation started
15:57:23.363 [main] INFO  ch.uzh.ifi.seal.smr.soa.evaluation.comments.MainKt - [cleberecht/singa] evaluation started
15:57:24.815 [main] INFO  ch.uzh.ifi.seal.smr.soa.evaluation.comments.MainKt - [smoketurner/dropwizard-pom] evaluation started
15:57:24.826 [main] INFO  ch.uzh.ifi.seal.smr.soa.evaluation.comments.MainKt - [SonarSource/sonarqube] evaluation started
15:57:44.223 [main] INFO  ch.uzh.ifi.seal.smr.soa.evaluation.comments.MainKt - [sonatype/plexus-utils] evaluation started
15:57:44.541 [main] INFO  ch.uzh.ifi.seal.smr.soa.evaluation.comments.MainKt - [cindywang/CaOntheGo] evaluation started
15:57:50.284 [main] INFO  ch.uzh.ifi.seal.smr.soa.evaluation.comments.MainKt - [sybila/ode-generator] evaluation started
15:57:50.316 [main] INFO  ch.uzh.ifi.seal.smr.soa.evaluation.comments.MainKt - [fenderstr/super-bench] evaluation started
15:57:50.355 [main] INFO  ch.uzh.ifi.seal.smr.soa.evaluation.comments.MainKt - [evanj/expire-threadlocal] evaluation started
15:57:50.391 [main] INFO  ch.uzh.ifi.seal.smr.soa.evaluation.comments.MainKt - [dexecutor/dependent-tasks-executor] evaluation started
15:57:50.487 [main] INFO  ch.uzh.ifi.seal.smr.soa.evaluation.comments.MainKt - [tootedom/spray-cache-spymemcached] evaluation started
15:57:50.594 [main] INFO  ch.uzh.ifi.seal.smr.soa.evaluation.comments.MainKt - [twineworks/collections] evaluation started
15:57:50.680 [main] INFO  ch.uzh.ifi.seal.smr.soa.evaluation.comments.MainKt - [fpavageau/bench-simple-name] evaluation started
15:57:50.710 [main] INFO  ch.uzh.ifi.seal.smr.soa.evaluation.comments.MainKt - [gensym/jmh-lein-example] evaluation started
15:57:50.737 [main] INFO  ch.uzh.ifi.seal.smr.soa.evaluation.comments.MainKt - [rsocket/rsocket-transport-aeron] evaluation started
15:57:50.788 [main] INFO  ch.uzh.ifi.seal.smr.soa.evaluation.comments.MainKt - [sungsoo/optiq-project] evaluation started
